{"/Users/keshav/metriport/metriport/packages/core/src/external/aws/s3.ts": {"path":"/Users/keshav/metriport/metriport/packages/core/src/external/aws/s3.ts","statementMap":{"0":{"start":{"line":1,"column":0},"end":{"line":1,"column":null}},"1":{"start":{"line":8,"column":0},"end":{"line":8,"column":80}},"2":{"start":{"line":9,"column":0},"end":{"line":9,"column":null}},"3":{"start":{"line":17,"column":0},"end":{"line":17,"column":31}},"4":{"start":{"line":18,"column":0},"end":{"line":18,"column":26}},"5":{"start":{"line":19,"column":0},"end":{"line":19,"column":45}},"6":{"start":{"line":20,"column":0},"end":{"line":20,"column":33}},"7":{"start":{"line":21,"column":0},"end":{"line":21,"column":29}},"8":{"start":{"line":22,"column":0},"end":{"line":22,"column":37}},"9":{"start":{"line":23,"column":0},"end":{"line":23,"column":51}},"10":{"start":{"line":25,"column":0},"end":{"line":25,"column":23}},"11":{"start":{"line":27,"column":17},"end":{"line":27,"column":48}},"12":{"start":{"line":28,"column":36},"end":{"line":28,"column":78}},"13":{"start":{"line":29,"column":31},"end":{"line":32,"column":2}},"14":{"start":{"line":33,"column":22},"end":{"line":33,"column":36}},"15":{"start":{"line":98,"column":14},"end":{"line":98,"column":61}},"16":{"start":{"line":99,"column":2},"end":{"line":110,"column":5}},"17":{"start":{"line":105,"column":6},"end":{"line":105,"column":31}},"18":{"start":{"line":105,"column":18},"end":{"line":105,"column":31}},"19":{"start":{"line":106,"column":6},"end":{"line":106,"column":47}},"20":{"start":{"line":106,"column":34},"end":{"line":106,"column":47}},"21":{"start":{"line":107,"column":6},"end":{"line":107,"column":49}},"22":{"start":{"line":107,"column":36},"end":{"line":107,"column":49}},"23":{"start":{"line":108,"column":6},"end":{"line":108,"column":18}},"24":{"start":{"line":94,"column":0},"end":{"line":94,"column":7}},"25":{"start":{"line":117,"column":2},"end":{"line":117,"column":56}},"26":{"start":{"line":116,"column":0},"end":{"line":116,"column":16}},"27":{"start":{"line":137,"column":2},"end":{"line":137,"column":50}},"28":{"start":{"line":128,"column":0},"end":{"line":128,"column":7}},"29":{"start":{"line":147,"column":23},"end":{"line":147,"column":37}},"30":{"start":{"line":148,"column":4},"end":{"line":148,"column":36}},"31":{"start":{"line":149,"column":4},"end":{"line":149,"column":46}},"32":{"start":{"line":156,"column":4},"end":{"line":156,"column":20}},"33":{"start":{"line":160,"column":4},"end":{"line":160,"column":26}},"34":{"start":{"line":168,"column":23},"end":{"line":168,"column":67}},"35":{"start":{"line":169,"column":4},"end":{"line":169,"column":51}},"36":{"start":{"line":173,"column":4},"end":{"line":183,"column":6}},"37":{"start":{"line":175,"column":23},"end":{"line":175,"column":67}},"38":{"start":{"line":176,"column":8},"end":{"line":176,"column":49}},"39":{"start":{"line":187,"column":4},"end":{"line":187,"column":91}},"40":{"start":{"line":191,"column":29},"end":{"line":191,"column":31}},"41":{"start":{"line":192,"column":4},"end":{"line":196,"column":7}},"42":{"start":{"line":193,"column":6},"end":{"line":193,"column":66}},"43":{"start":{"line":193,"column":33},"end":{"line":193,"column":64}},"44":{"start":{"line":194,"column":6},"end":{"line":194,"column":45}},"45":{"start":{"line":194,"column":32},"end":{"line":194,"column":43}},"46":{"start":{"line":195,"column":6},"end":{"line":195,"column":78}},"47":{"start":{"line":195,"column":29},"end":{"line":195,"column":76}},"48":{"start":{"line":222,"column":4},"end":{"line":247,"column":null}},"49":{"start":{"line":223,"column":19},"end":{"line":233,"column":null}},"50":{"start":{"line":225,"column":10},"end":{"line":230,"column":22}},"51":{"start":{"line":235,"column":6},"end":{"line":244,"column":8}},"52":{"start":{"line":246,"column":6},"end":{"line":246,"column":31}},"53":{"start":{"line":253,"column":4},"end":{"line":256,"column":null}},"54":{"start":{"line":254,"column":23},"end":{"line":254,"column":73}},"55":{"start":{"line":255,"column":6},"end":{"line":255,"column":29}},"56":{"start":{"line":257,"column":4},"end":{"line":260,"column":7}},"57":{"start":{"line":272,"column":17},"end":{"line":278,"column":null}},"58":{"start":{"line":273,"column":6},"end":{"line":277,"column":null}},"59":{"start":{"line":280,"column":27},"end":{"line":280,"column":40}},"60":{"start":{"line":281,"column":4},"end":{"line":281,"column":38}},"61":{"start":{"line":281,"column":25},"end":{"line":281,"column":38}},"62":{"start":{"line":283,"column":4},"end":{"line":287,"column":null}},"63":{"start":{"line":284,"column":6},"end":{"line":286,"column":null}},"64":{"start":{"line":285,"column":8},"end":{"line":285,"column":20}},"65":{"start":{"line":288,"column":4},"end":{"line":288,"column":17}},"66":{"start":{"line":307,"column":4},"end":{"line":319,"column":null}},"67":{"start":{"line":308,"column":18},"end":{"line":308,"column":50}},"68":{"start":{"line":309,"column":6},"end":{"line":309,"column":63}},"69":{"start":{"line":309,"column":16},"end":{"line":309,"column":63}},"70":{"start":{"line":310,"column":34},"end":{"line":310,"column":37}},"71":{"start":{"line":311,"column":6},"end":{"line":316,"column":9}},"72":{"start":{"line":318,"column":6},"end":{"line":318,"column":47}},"73":{"start":{"line":333,"column":4},"end":{"line":340,"column":6}},"74":{"start":{"line":334,"column":6},"end":{"line":339,"column":8}},"75":{"start":{"line":365,"column":20},"end":{"line":369,"column":6}},"76":{"start":{"line":370,"column":25},"end":{"line":373,"column":null}},"77":{"start":{"line":371,"column":6},"end":{"line":373,"column":8}},"78":{"start":{"line":375,"column":4},"end":{"line":375,"column":24}},"79":{"start":{"line":379,"column":4},"end":{"line":379,"column":70}},"80":{"start":{"line":397,"column":23},"end":{"line":397,"column":61}},"81":{"start":{"line":399,"column":25},"end":{"line":399,"column":45}},"82":{"start":{"line":400,"column":37},"end":{"line":400,"column":67}},"83":{"start":{"line":403,"column":19},"end":{"line":403,"column":84}},"84":{"start":{"line":406,"column":4},"end":{"line":408,"column":null}},"85":{"start":{"line":407,"column":6},"end":{"line":407,"column":20}},"86":{"start":{"line":412,"column":30},"end":{"line":418,"column":6}},"87":{"start":{"line":419,"column":4},"end":{"line":419,"column":76}},"88":{"start":{"line":419,"column":37},"end":{"line":419,"column":74}},"89":{"start":{"line":421,"column":4},"end":{"line":439,"column":null}},"90":{"start":{"line":422,"column":34},"end":{"line":425,"column":8}},"91":{"start":{"line":426,"column":6},"end":{"line":426,"column":80}},"92":{"start":{"line":426,"column":39},"end":{"line":426,"column":78}},"93":{"start":{"line":428,"column":18},"end":{"line":428,"column":62}},"94":{"start":{"line":429,"column":22},"end":{"line":429,"column":50}},"95":{"start":{"line":430,"column":6},"end":{"line":430,"column":45}},"96":{"start":{"line":431,"column":6},"end":{"line":438,"column":9}},"97":{"start":{"line":440,"column":4},"end":{"line":440,"column":18}},"98":{"start":{"line":454,"column":23},"end":{"line":454,"column":69}},"99":{"start":{"line":455,"column":30},"end":{"line":459,"column":6}},"100":{"start":{"line":460,"column":4},"end":{"line":460,"column":76}},"101":{"start":{"line":460,"column":37},"end":{"line":460,"column":74}},"102":{"start":{"line":477,"column":50},"end":{"line":482,"column":6}},"103":{"start":{"line":483,"column":4},"end":{"line":485,"column":null}},"104":{"start":{"line":484,"column":6},"end":{"line":484,"column":45}},"105":{"start":{"line":486,"column":4},"end":{"line":502,"column":null}},"106":{"start":{"line":487,"column":20},"end":{"line":488,"column":null}},"107":{"start":{"line":488,"column":8},"end":{"line":488,"column":47}},"108":{"start":{"line":491,"column":6},"end":{"line":497,"column":8}},"109":{"start":{"line":499,"column":22},"end":{"line":499,"column":39}},"110":{"start":{"line":500,"column":6},"end":{"line":500,"column":58}},"111":{"start":{"line":501,"column":6},"end":{"line":501,"column":18}},"112":{"start":{"line":506,"column":19},"end":{"line":509,"column":6}},"113":{"start":{"line":510,"column":4},"end":{"line":517,"column":null}},"114":{"start":{"line":511,"column":19},"end":{"line":511,"column":89}},"115":{"start":{"line":511,"column":52},"end":{"line":511,"column":88}},"116":{"start":{"line":512,"column":6},"end":{"line":512,"column":33}},"117":{"start":{"line":514,"column":22},"end":{"line":514,"column":41}},"118":{"start":{"line":515,"column":6},"end":{"line":515,"column":60}},"119":{"start":{"line":516,"column":6},"end":{"line":516,"column":18}},"120":{"start":{"line":521,"column":25},"end":{"line":524,"column":6}},"121":{"start":{"line":525,"column":4},"end":{"line":531,"column":null}},"122":{"start":{"line":526,"column":6},"end":{"line":526,"column":86}},"123":{"start":{"line":526,"column":39},"end":{"line":526,"column":84}},"124":{"start":{"line":528,"column":22},"end":{"line":528,"column":39}},"125":{"start":{"line":529,"column":6},"end":{"line":529,"column":65}},"126":{"start":{"line":530,"column":6},"end":{"line":530,"column":18}},"127":{"start":{"line":535,"column":25},"end":{"line":540,"column":6}},"128":{"start":{"line":538,"column":34},"end":{"line":538,"column":46}},"129":{"start":{"line":541,"column":4},"end":{"line":547,"column":null}},"130":{"start":{"line":542,"column":6},"end":{"line":542,"column":87}},"131":{"start":{"line":542,"column":39},"end":{"line":542,"column":85}},"132":{"start":{"line":544,"column":22},"end":{"line":544,"column":40}},"133":{"start":{"line":545,"column":6},"end":{"line":545,"column":66}},"134":{"start":{"line":546,"column":6},"end":{"line":546,"column":18}},"135":{"start":{"line":551,"column":40},"end":{"line":551,"column":42}},"136":{"start":{"line":553,"column":4},"end":{"line":567,"column":32}},"137":{"start":{"line":554,"column":18},"end":{"line":561,"column":null}},"138":{"start":{"line":555,"column":8},"end":{"line":561,"column":20}},"139":{"start":{"line":563,"column":6},"end":{"line":565,"column":null}},"140":{"start":{"line":564,"column":8},"end":{"line":564,"column":41}},"141":{"start":{"line":566,"column":6},"end":{"line":566,"column":52}},"142":{"start":{"line":568,"column":4},"end":{"line":568,"column":22}},"143":{"start":{"line":140,"column":0},"end":{"line":140,"column":13}},"144":{"start":{"line":574,"column":2},"end":{"line":574,"column":55}},"145":{"start":{"line":574,"column":38},"end":{"line":574,"column":55}},"146":{"start":{"line":575,"column":28},"end":{"line":575,"column":74}},"147":{"start":{"line":576,"column":2},"end":{"line":576,"column":32}},"148":{"start":{"line":576,"column":15},"end":{"line":576,"column":32}},"149":{"start":{"line":577,"column":2},"end":{"line":577,"column":49}},"150":{"start":{"line":577,"column":32},"end":{"line":577,"column":49}},"151":{"start":{"line":578,"column":21},"end":{"line":578,"column":41}},"152":{"start":{"line":579,"column":2},"end":{"line":579,"column":36}},"153":{"start":{"line":579,"column":19},"end":{"line":579,"column":36}},"154":{"start":{"line":580,"column":14},"end":{"line":580,"column":28}},"155":{"start":{"line":581,"column":2},"end":{"line":581,"column":29}},"156":{"start":{"line":572,"column":0},"end":{"line":572,"column":16}},"157":{"start":{"line":585,"column":2},"end":{"line":591,"column":null}},"158":{"start":{"line":586,"column":4},"end":{"line":586,"column":22}},"159":{"start":{"line":589,"column":4},"end":{"line":589,"column":49}},"160":{"start":{"line":589,"column":32},"end":{"line":589,"column":49}},"161":{"start":{"line":590,"column":4},"end":{"line":590,"column":16}},"162":{"start":{"line":584,"column":0},"end":{"line":584,"column":7}},"163":{"start":{"line":599,"column":2},"end":{"line":607,"column":null}},"164":{"start":{"line":600,"column":4},"end":{"line":600,"column":22}},"165":{"start":{"line":603,"column":4},"end":{"line":605,"column":null}},"166":{"start":{"line":604,"column":6},"end":{"line":604,"column":64}},"167":{"start":{"line":606,"column":4},"end":{"line":606,"column":74}},"168":{"start":{"line":594,"column":0},"end":{"line":594,"column":7}},"169":{"start":{"line":612,"column":2},"end":{"line":617,"column":4}},"170":{"start":{"line":611,"column":0},"end":{"line":611,"column":16}},"171":{"start":{"line":622,"column":24},"end":{"line":622,"column":47}},"172":{"start":{"line":623,"column":2},"end":{"line":628,"column":null}},"173":{"start":{"line":625,"column":69},"end":{"line":625,"column":97}},"174":{"start":{"line":627,"column":4},"end":{"line":627,"column":16}},"175":{"start":{"line":629,"column":2},"end":{"line":629,"column":62}},"176":{"start":{"line":621,"column":0},"end":{"line":621,"column":16}},"177":{"start":{"line":641,"column":2},"end":{"line":673,"column":null}},"178":{"start":{"line":642,"column":4},"end":{"line":656,"column":6}},"179":{"start":{"line":644,"column":8},"end":{"line":651,"column":20}},"180":{"start":{"line":658,"column":16},"end":{"line":658,"column":68}},"181":{"start":{"line":659,"column":4},"end":{"line":659,"column":43}},"182":{"start":{"line":661,"column":4},"end":{"line":671,"column":null}},"183":{"start":{"line":662,"column":6},"end":{"line":670,"column":9}},"184":{"start":{"line":672,"column":4},"end":{"line":672,"column":16}},"185":{"start":{"line":632,"column":0},"end":{"line":632,"column":7}}},"fnMap":{"0":{"name":"executeWithRetriesS3","decl":{"start":{"line":94,"column":22},"end":{"line":94,"column":42}},"loc":{"start":{"line":96,"column":40},"end":{"line":111,"column":1}}},"1":{"name":"(anonymous_8)","decl":{"start":{"line":104,"column":17},"end":{"line":104,"column":18}},"loc":{"start":{"line":104,"column":35},"end":{"line":109,"column":5}}},"2":{"name":"makeS3Client","decl":{"start":{"line":116,"column":16},"end":{"line":116,"column":28}},"loc":{"start":{"line":116,"column":43},"end":{"line":118,"column":1}}},"3":{"name":"getSignedUrl","decl":{"start":{"line":128,"column":22},"end":{"line":128,"column":34}},"loc":{"start":{"line":136,"column":1},"end":{"line":138,"column":1}}},"4":{"name":"(anonymous_11)","decl":{"start":{"line":147,"column":2},"end":{"line":147,"column":23}},"loc":{"start":{"line":147,"column":37},"end":{"line":150,"column":3}}},"5":{"name":"(anonymous_12)","decl":{"start":{"line":155,"column":2},"end":{"line":155,"column":6}},"loc":{"start":{"line":155,"column":8},"end":{"line":157,"column":3}}},"6":{"name":"(anonymous_13)","decl":{"start":{"line":159,"column":2},"end":{"line":159,"column":6}},"loc":{"start":{"line":159,"column":14},"end":{"line":161,"column":3}}},"7":{"name":"(anonymous_14)","decl":{"start":{"line":163,"column":2},"end":{"line":163,"column":7}},"loc":{"start":{"line":166,"column":32},"end":{"line":170,"column":3}}},"8":{"name":"(anonymous_15)","decl":{"start":{"line":172,"column":2},"end":{"line":172,"column":7}},"loc":{"start":{"line":172,"column":72},"end":{"line":184,"column":3}}},"9":{"name":"(anonymous_16)","decl":{"start":{"line":174,"column":6},"end":{"line":174,"column":11}},"loc":{"start":{"line":174,"column":17},"end":{"line":177,"column":7}}},"10":{"name":"(anonymous_17)","decl":{"start":{"line":186,"column":10},"end":{"line":186,"column":23}},"loc":{"start":{"line":186,"column":64},"end":{"line":188,"column":3}}},"11":{"name":"(anonymous_18)","decl":{"start":{"line":190,"column":2},"end":{"line":190,"column":16}},"loc":{"start":{"line":190,"column":40},"end":{"line":197,"column":3}}},"12":{"name":"(anonymous_19)","decl":{"start":{"line":192,"column":23},"end":{"line":192,"column":24}},"loc":{"start":{"line":192,"column":43},"end":{"line":196,"column":5}}},"13":{"name":"(anonymous_20)","decl":{"start":{"line":193,"column":24},"end":{"line":193,"column":29}},"loc":{"start":{"line":193,"column":33},"end":{"line":193,"column":64}}},"14":{"name":"(anonymous_21)","decl":{"start":{"line":194,"column":25},"end":{"line":194,"column":28}},"loc":{"start":{"line":194,"column":32},"end":{"line":194,"column":43}}},"15":{"name":"(anonymous_22)","decl":{"start":{"line":195,"column":23},"end":{"line":195,"column":26}},"loc":{"start":{"line":195,"column":29},"end":{"line":195,"column":76}}},"16":{"name":"(anonymous_23)","decl":{"start":{"line":199,"column":2},"end":{"line":199,"column":7}},"loc":{"start":{"line":201,"column":18},"end":{"line":248,"column":3}}},"17":{"name":"(anonymous_24)","decl":{"start":{"line":224,"column":8},"end":{"line":224,"column":11}},"loc":{"start":{"line":225,"column":10},"end":{"line":230,"column":22}}},"18":{"name":"(anonymous_25)","decl":{"start":{"line":252,"column":2},"end":{"line":252,"column":7}},"loc":{"start":{"line":252,"column":74},"end":{"line":261,"column":3}}},"19":{"name":"(anonymous_26)","decl":{"start":{"line":263,"column":10},"end":{"line":263,"column":15}},"loc":{"start":{"line":271,"column":3},"end":{"line":289,"column":3}}},"20":{"name":"(anonymous_27)","decl":{"start":{"line":272,"column":44},"end":{"line":272,"column":47}},"loc":{"start":{"line":273,"column":6},"end":{"line":277,"column":null}}},"21":{"name":"(anonymous_28)","decl":{"start":{"line":304,"column":2},"end":{"line":304,"column":7}},"loc":{"start":{"line":305,"column":67},"end":{"line":320,"column":3}}},"22":{"name":"(anonymous_29)","decl":{"start":{"line":322,"column":10},"end":{"line":322,"column":15}},"loc":{"start":{"line":332,"column":3},"end":{"line":341,"column":3}}},"23":{"name":"(anonymous_30)","decl":{"start":{"line":333,"column":32},"end":{"line":333,"column":35}},"loc":{"start":{"line":334,"column":6},"end":{"line":339,"column":8}}},"24":{"name":"(anonymous_31)","decl":{"start":{"line":354,"column":2},"end":{"line":354,"column":7}},"loc":{"start":{"line":364,"column":3},"end":{"line":376,"column":3}}},"25":{"name":"(anonymous_32)","decl":{"start":{"line":370,"column":52},"end":{"line":370,"column":55}},"loc":{"start":{"line":371,"column":6},"end":{"line":373,"column":8}}},"26":{"name":"(anonymous_33)","decl":{"start":{"line":378,"column":2},"end":{"line":378,"column":14}},"loc":{"start":{"line":378,"column":42},"end":{"line":380,"column":3}}},"27":{"name":"(anonymous_34)","decl":{"start":{"line":391,"column":2},"end":{"line":391,"column":7}},"loc":{"start":{"line":395,"column":24},"end":{"line":441,"column":3}}},"28":{"name":"(anonymous_35)","decl":{"start":{"line":419,"column":31},"end":{"line":419,"column":34}},"loc":{"start":{"line":419,"column":37},"end":{"line":419,"column":74}}},"29":{"name":"(anonymous_36)","decl":{"start":{"line":426,"column":33},"end":{"line":426,"column":36}},"loc":{"start":{"line":426,"column":39},"end":{"line":426,"column":78}}},"30":{"name":"(anonymous_37)","decl":{"start":{"line":443,"column":2},"end":{"line":443,"column":7}},"loc":{"start":{"line":453,"column":3},"end":{"line":461,"column":3}}},"31":{"name":"(anonymous_38)","decl":{"start":{"line":460,"column":31},"end":{"line":460,"column":34}},"loc":{"start":{"line":460,"column":37},"end":{"line":460,"column":74}}},"32":{"name":"(anonymous_39)","decl":{"start":{"line":470,"column":2},"end":{"line":470,"column":7}},"loc":{"start":{"line":476,"column":17},"end":{"line":503,"column":3}}},"33":{"name":"(anonymous_40)","decl":{"start":{"line":487,"column":47},"end":{"line":487,"column":50}},"loc":{"start":{"line":488,"column":8},"end":{"line":488,"column":47}}},"34":{"name":"(anonymous_41)","decl":{"start":{"line":505,"column":2},"end":{"line":505,"column":7}},"loc":{"start":{"line":505,"column":69},"end":{"line":518,"column":3}}},"35":{"name":"(anonymous_42)","decl":{"start":{"line":511,"column":46},"end":{"line":511,"column":49}},"loc":{"start":{"line":511,"column":52},"end":{"line":511,"column":88}}},"36":{"name":"(anonymous_43)","decl":{"start":{"line":520,"column":2},"end":{"line":520,"column":7}},"loc":{"start":{"line":520,"column":67},"end":{"line":532,"column":3}}},"37":{"name":"(anonymous_44)","decl":{"start":{"line":526,"column":33},"end":{"line":526,"column":36}},"loc":{"start":{"line":526,"column":39},"end":{"line":526,"column":84}}},"38":{"name":"(anonymous_45)","decl":{"start":{"line":534,"column":2},"end":{"line":534,"column":7}},"loc":{"start":{"line":534,"column":72},"end":{"line":548,"column":3}}},"39":{"name":"(anonymous_46)","decl":{"start":{"line":538,"column":26},"end":{"line":538,"column":29}},"loc":{"start":{"line":538,"column":34},"end":{"line":538,"column":46}}},"40":{"name":"(anonymous_47)","decl":{"start":{"line":542,"column":33},"end":{"line":542,"column":36}},"loc":{"start":{"line":542,"column":39},"end":{"line":542,"column":85}}},"41":{"name":"(anonymous_48)","decl":{"start":{"line":550,"column":2},"end":{"line":550,"column":7}},"loc":{"start":{"line":550,"column":50},"end":{"line":569,"column":3}}},"42":{"name":"(anonymous_49)","decl":{"start":{"line":554,"column":45},"end":{"line":554,"column":48}},"loc":{"start":{"line":555,"column":8},"end":{"line":561,"column":20}}},"43":{"name":"splitS3Location","decl":{"start":{"line":572,"column":16},"end":{"line":572,"column":31}},"loc":{"start":{"line":572,"column":48},"end":{"line":582,"column":1}}},"44":{"name":"returnUndefinedOn404","decl":{"start":{"line":584,"column":22},"end":{"line":584,"column":42}},"loc":{"start":{"line":584,"column":66},"end":{"line":592,"column":1}}},"45":{"name":"hydrateErrors","decl":{"start":{"line":594,"column":22},"end":{"line":594,"column":35}},"loc":{"start":{"line":597,"column":22},"end":{"line":608,"column":1}}},"46":{"name":"isNotFoundError","decl":{"start":{"line":611,"column":16},"end":{"line":611,"column":31}},"loc":{"start":{"line":611,"column":42},"end":{"line":618,"column":1}}},"47":{"name":"isRetriableError","decl":{"start":{"line":621,"column":16},"end":{"line":621,"column":32}},"loc":{"start":{"line":621,"column":43},"end":{"line":630,"column":1}}},"48":{"name":"(anonymous_55)","decl":{"start":{"line":625,"column":61},"end":{"line":625,"column":65}},"loc":{"start":{"line":625,"column":69},"end":{"line":625,"column":97}}},"49":{"name":"storeInS3WithRetries","decl":{"start":{"line":632,"column":22},"end":{"line":632,"column":42}},"loc":{"start":{"line":640,"column":18},"end":{"line":674,"column":1}}},"50":{"name":"(anonymous_57)","decl":{"start":{"line":643,"column":6},"end":{"line":643,"column":9}},"loc":{"start":{"line":644,"column":8},"end":{"line":651,"column":20}}}},"branchMap":{"0":{"loc":{"start":{"line":98,"column":14},"end":{"line":98,"column":61}},"type":"binary-expr","locations":[{"start":{"line":98,"column":14},"end":{"line":98,"column":26}},{"start":{"line":98,"column":30},"end":{"line":98,"column":61}}]},"1":{"loc":{"start":{"line":105,"column":6},"end":{"line":105,"column":31}},"type":"if","locations":[{"start":{"line":105,"column":6},"end":{"line":105,"column":31}}]},"2":{"loc":{"start":{"line":106,"column":6},"end":{"line":106,"column":47}},"type":"if","locations":[{"start":{"line":106,"column":6},"end":{"line":106,"column":47}}]},"3":{"loc":{"start":{"line":107,"column":6},"end":{"line":107,"column":49}},"type":"if","locations":[{"start":{"line":107,"column":6},"end":{"line":107,"column":49}}]},"4":{"loc":{"start":{"line":237,"column":14},"end":{"line":237,"column":37}},"type":"binary-expr","locations":[{"start":{"line":237,"column":14},"end":{"line":237,"column":32}},{"start":{"line":237,"column":36},"end":{"line":237,"column":37}}]},"5":{"loc":{"start":{"line":240,"column":21},"end":{"line":240,"column":43}},"type":"binary-expr","locations":[{"start":{"line":240,"column":21},"end":{"line":240,"column":37}},{"start":{"line":240,"column":41},"end":{"line":240,"column":43}}]},"6":{"loc":{"start":{"line":241,"column":14},"end":{"line":241,"column":29}},"type":"binary-expr","locations":[{"start":{"line":241,"column":14},"end":{"line":241,"column":23}},{"start":{"line":241,"column":27},"end":{"line":241,"column":29}}]},"7":{"loc":{"start":{"line":253,"column":4},"end":{"line":256,"column":null}},"type":"if","locations":[{"start":{"line":253,"column":4},"end":{"line":256,"column":null}}]},"8":{"loc":{"start":{"line":281,"column":4},"end":{"line":281,"column":38}},"type":"if","locations":[{"start":{"line":281,"column":4},"end":{"line":281,"column":38}}]},"9":{"loc":{"start":{"line":284,"column":6},"end":{"line":286,"column":null}},"type":"if","locations":[{"start":{"line":284,"column":6},"end":{"line":286,"column":null}}]},"10":{"loc":{"start":{"line":284,"column":10},"end":{"line":284,"column":58}},"type":"binary-expr","locations":[{"start":{"line":284,"column":10},"end":{"line":284,"column":22}},{"start":{"line":284,"column":26},"end":{"line":284,"column":58}}]},"11":{"loc":{"start":{"line":307,"column":4},"end":{"line":319,"column":null}},"type":"if","locations":[{"start":{"line":307,"column":4},"end":{"line":319,"column":null}},{"start":{"line":317,"column":11},"end":{"line":319,"column":null}}]},"12":{"loc":{"start":{"line":309,"column":6},"end":{"line":309,"column":63}},"type":"if","locations":[{"start":{"line":309,"column":6},"end":{"line":309,"column":63}}]},"13":{"loc":{"start":{"line":314,"column":12},"end":{"line":314,"column":67}},"type":"cond-expr","locations":[{"start":{"line":314,"column":31},"end":{"line":314,"column":62}},{"start":{"line":314,"column":65},"end":{"line":314,"column":67}}]},"14":{"loc":{"start":{"line":315,"column":12},"end":{"line":315,"column":92}},"type":"cond-expr","locations":[{"start":{"line":315,"column":37},"end":{"line":315,"column":80}},{"start":{"line":315,"column":83},"end":{"line":315,"column":92}}]},"15":{"loc":{"start":{"line":337,"column":17},"end":{"line":337,"column":63}},"type":"binary-expr","locations":[{"start":{"line":337,"column":17},"end":{"line":337,"column":32}},{"start":{"line":337,"column":36},"end":{"line":337,"column":63}}]},"16":{"loc":{"start":{"line":338,"column":12},"end":{"line":338,"column":53}},"type":"cond-expr","locations":[{"start":{"line":338,"column":24},"end":{"line":338,"column":48}},{"start":{"line":338,"column":51},"end":{"line":338,"column":53}}]},"17":{"loc":{"start":{"line":358,"column":4},"end":{"line":358,"column":17}},"type":"default-arg","locations":[{"start":{"line":358,"column":15},"end":{"line":358,"column":17}}]},"18":{"loc":{"start":{"line":372,"column":19},"end":{"line":372,"column":65}},"type":"binary-expr","locations":[{"start":{"line":372,"column":19},"end":{"line":372,"column":34}},{"start":{"line":372,"column":38},"end":{"line":372,"column":65}}]},"19":{"loc":{"start":{"line":406,"column":4},"end":{"line":408,"column":null}},"type":"if","locations":[{"start":{"line":406,"column":4},"end":{"line":408,"column":null}}]},"20":{"loc":{"start":{"line":481,"column":10},"end":{"line":481,"column":55}},"type":"cond-expr","locations":[{"start":{"line":481,"column":21},"end":{"line":481,"column":43}},{"start":{"line":481,"column":46},"end":{"line":481,"column":55}}]},"21":{"loc":{"start":{"line":483,"column":4},"end":{"line":485,"column":null}},"type":"if","locations":[{"start":{"line":483,"column":4},"end":{"line":485,"column":null}}]},"22":{"loc":{"start":{"line":559,"column":16},"end":{"line":559,"column":81}},"type":"cond-expr","locations":[{"start":{"line":559,"column":36},"end":{"line":559,"column":76}},{"start":{"line":559,"column":79},"end":{"line":559,"column":81}}]},"23":{"loc":{"start":{"line":563,"column":6},"end":{"line":565,"column":null}},"type":"if","locations":[{"start":{"line":563,"column":6},"end":{"line":565,"column":null}}]},"24":{"loc":{"start":{"line":574,"column":2},"end":{"line":574,"column":55}},"type":"if","locations":[{"start":{"line":574,"column":2},"end":{"line":574,"column":55}}]},"25":{"loc":{"start":{"line":576,"column":2},"end":{"line":576,"column":32}},"type":"if","locations":[{"start":{"line":576,"column":2},"end":{"line":576,"column":32}}]},"26":{"loc":{"start":{"line":577,"column":2},"end":{"line":577,"column":49}},"type":"if","locations":[{"start":{"line":577,"column":2},"end":{"line":577,"column":49}}]},"27":{"loc":{"start":{"line":577,"column":6},"end":{"line":577,"column":30}},"type":"binary-expr","locations":[{"start":{"line":577,"column":6},"end":{"line":577,"column":11}},{"start":{"line":577,"column":15},"end":{"line":577,"column":30}}]},"28":{"loc":{"start":{"line":579,"column":2},"end":{"line":579,"column":36}},"type":"if","locations":[{"start":{"line":579,"column":2},"end":{"line":579,"column":36}}]},"29":{"loc":{"start":{"line":589,"column":4},"end":{"line":589,"column":49}},"type":"if","locations":[{"start":{"line":589,"column":4},"end":{"line":589,"column":49}}]},"30":{"loc":{"start":{"line":603,"column":4},"end":{"line":605,"column":null}},"type":"if","locations":[{"start":{"line":603,"column":4},"end":{"line":605,"column":null}}]},"31":{"loc":{"start":{"line":613,"column":4},"end":{"line":616,"column":34}},"type":"binary-expr","locations":[{"start":{"line":613,"column":4},"end":{"line":613,"column":30}},{"start":{"line":614,"column":4},"end":{"line":614,"column":30}},{"start":{"line":615,"column":4},"end":{"line":615,"column":28}},{"start":{"line":616,"column":4},"end":{"line":616,"column":34}}]},"32":{"loc":{"start":{"line":623,"column":2},"end":{"line":628,"column":null}},"type":"if","locations":[{"start":{"line":623,"column":2},"end":{"line":628,"column":null}}]},"33":{"loc":{"start":{"line":624,"column":4},"end":{"line":625,"column":99}},"type":"binary-expr","locations":[{"start":{"line":624,"column":5},"end":{"line":624,"column":35}},{"start":{"line":624,"column":39},"end":{"line":624,"column":73}},{"start":{"line":625,"column":5},"end":{"line":625,"column":38}},{"start":{"line":625,"column":42},"end":{"line":625,"column":98}}]},"34":{"loc":{"start":{"line":629,"column":9},"end":{"line":629,"column":61}},"type":"binary-expr","locations":[{"start":{"line":629,"column":9},"end":{"line":629,"column":33}},{"start":{"line":629,"column":37},"end":{"line":629,"column":61}}]},"35":{"loc":{"start":{"line":658,"column":16},"end":{"line":658,"column":68}},"type":"binary-expr","locations":[{"start":{"line":658,"column":16},"end":{"line":658,"column":41}},{"start":{"line":658,"column":45},"end":{"line":658,"column":68}}]},"36":{"loc":{"start":{"line":661,"column":4},"end":{"line":671,"column":null}},"type":"if","locations":[{"start":{"line":661,"column":4},"end":{"line":671,"column":null}}]}},"s":{"0":1,"1":1,"2":1,"3":1,"4":1,"5":1,"6":1,"7":1,"8":1,"9":1,"10":1,"11":1,"12":1,"13":1,"14":1,"15":6,"16":6,"17":6,"18":6,"19":0,"20":0,"21":0,"22":0,"23":0,"24":1,"25":2,"26":1,"27":0,"28":1,"29":2,"30":2,"31":2,"32":1,"33":0,"34":0,"35":0,"36":0,"37":0,"38":0,"39":0,"40":0,"41":0,"42":0,"43":0,"44":0,"45":0,"46":0,"47":0,"48":1,"49":1,"50":1,"51":1,"52":0,"53":1,"54":1,"55":1,"56":0,"57":0,"58":0,"59":0,"60":0,"61":0,"62":0,"63":0,"64":0,"65":0,"66":0,"67":0,"68":0,"69":0,"70":0,"71":0,"72":0,"73":0,"74":0,"75":0,"76":0,"77":0,"78":0,"79":0,"80":0,"81":0,"82":0,"83":0,"84":0,"85":0,"86":0,"87":0,"88":0,"89":0,"90":0,"91":0,"92":0,"93":0,"94":0,"95":0,"96":0,"97":0,"98":0,"99":0,"100":0,"101":0,"102":1,"103":1,"104":0,"105":1,"106":1,"107":1,"108":1,"109":0,"110":0,"111":0,"112":3,"113":3,"114":3,"115":3,"116":3,"117":0,"118":0,"119":0,"120":0,"121":0,"122":0,"123":0,"124":0,"125":0,"126":0,"127":0,"128":0,"129":0,"130":0,"131":0,"132":0,"133":0,"134":0,"135":1,"136":1,"137":1,"138":1,"139":1,"140":1,"141":1,"142":1,"143":1,"144":0,"145":0,"146":0,"147":0,"148":0,"149":0,"150":0,"151":0,"152":0,"153":0,"154":0,"155":0,"156":1,"157":0,"158":0,"159":0,"160":0,"161":0,"162":1,"163":0,"164":0,"165":0,"166":0,"167":0,"168":1,"169":0,"170":1,"171":0,"172":0,"173":0,"174":0,"175":0,"176":1,"177":0,"178":0,"179":0,"180":0,"181":0,"182":0,"183":0,"184":0,"185":1},"f":{"0":6,"1":6,"2":2,"3":0,"4":2,"5":1,"6":0,"7":0,"8":0,"9":0,"10":0,"11":0,"12":0,"13":0,"14":0,"15":0,"16":1,"17":1,"18":1,"19":0,"20":0,"21":0,"22":0,"23":0,"24":0,"25":0,"26":0,"27":0,"28":0,"29":0,"30":0,"31":0,"32":1,"33":1,"34":3,"35":3,"36":0,"37":0,"38":0,"39":0,"40":0,"41":1,"42":1,"43":0,"44":0,"45":0,"46":0,"47":0,"48":0,"49":0,"50":0},"b":{"0":[6,5],"1":[6],"2":[0],"3":[0],"4":[1,0],"5":[1,0],"6":[1,0],"7":[1],"8":[0],"9":[0],"10":[0,0],"11":[0,0],"12":[0],"13":[0,0],"14":[0,0],"15":[0,0],"16":[0,0],"17":[0],"18":[0,0],"19":[0],"20":[0,1],"21":[0],"22":[0,1],"23":[1],"24":[0],"25":[0],"26":[0],"27":[0,0],"28":[0],"29":[0],"30":[0],"31":[0,0,0,0],"32":[0],"33":[0,0,0,0],"34":[0,0],"35":[0,0],"36":[0]}}
,"/Users/keshav/metriport/metriport/packages/core/src/external/quest/codes.ts": {"path":"/Users/keshav/metriport/metriport/packages/core/src/external/quest/codes.ts","statementMap":{"0":{"start":{"line":1,"column":0},"end":{"line":1,"column":79}},"1":{"start":{"line":4,"column":13},"end":{"line":4,"column":40}},"2":{"start":{"line":7,"column":13},"end":{"line":7,"column":57}},"3":{"start":{"line":10,"column":13},"end":{"line":18,"column":2}},"4":{"start":{"line":20,"column":0},"end":{"line":20,"column":null}},"5":{"start":{"line":21,"column":2},"end":{"line":21,"column":null}},"6":{"start":{"line":22,"column":2},"end":{"line":22,"column":null}},"7":{"start":{"line":23,"column":2},"end":{"line":23,"column":null}},"8":{"start":{"line":26,"column":13},"end":{"line":30,"column":11}},"9":{"start":{"line":35,"column":13},"end":{"line":39,"column":2}}},"fnMap":{"0":{"name":"(anonymous_0)","decl":{"start":{"line":20,"column":0},"end":{"line":20,"column":12}},"loc":{"start":{"line":20,"column":36},"end":{"line":24,"column":1}}}},"branchMap":{"0":{"loc":{"start":{"line":20,"column":12},"end":{"line":20,"column":null}},"type":"binary-expr","locations":[{"start":{"line":20,"column":12},"end":{"line":20,"column":36}},{"start":{"line":20,"column":12},"end":{"line":20,"column":null}}]}},"s":{"0":1,"1":1,"2":1,"3":1,"4":1,"5":1,"6":1,"7":1,"8":1,"9":1},"f":{"0":1},"b":{"0":[1,1]}}
,"/Users/keshav/metriport/metriport/packages/core/src/external/quest/id-generator.ts": {"path":"/Users/keshav/metriport/metriport/packages/core/src/external/quest/id-generator.ts","statementMap":{"0":{"start":{"line":1,"column":0},"end":{"line":1,"column":28}},"1":{"start":{"line":2,"column":31},"end":{"line":2,"column":33}},"2":{"start":{"line":3,"column":16},"end":{"line":3,"column":54}},"3":{"start":{"line":13,"column":22},"end":{"line":13,"column":35}},"4":{"start":{"line":14,"column":2},"end":{"line":17,"column":null}},"5":{"start":{"line":14,"column":15},"end":{"line":14,"column":16}},"6":{"start":{"line":15,"column":24},"end":{"line":15,"column":56}},"7":{"start":{"line":16,"column":4},"end":{"line":16,"column":42}},"8":{"start":{"line":18,"column":2},"end":{"line":18,"column":30}},"9":{"start":{"line":12,"column":0},"end":{"line":12,"column":16}}},"fnMap":{"0":{"name":"buildQuestExternalId","decl":{"start":{"line":12,"column":16},"end":{"line":12,"column":36}},"loc":{"start":{"line":12,"column":36},"end":{"line":19,"column":1}}}},"branchMap":{},"s":{"0":1,"1":1,"2":1,"3":1001,"4":1001,"5":1001,"6":15015,"7":15015,"8":1001,"9":1},"f":{"0":1001},"b":{}}
,"/Users/keshav/metriport/metriport/packages/core/src/external/quest/replica.ts": {"path":"/Users/keshav/metriport/metriport/packages/core/src/external/quest/replica.ts","statementMap":{"0":{"start":{"line":1,"column":0},"end":{"line":1,"column":24}},"1":{"start":{"line":2,"column":0},"end":{"line":2,"column":51}},"2":{"start":{"line":3,"column":0},"end":{"line":3,"column":43}},"3":{"start":{"line":4,"column":0},"end":{"line":4,"column":47}},"4":{"start":{"line":8,"column":34},"end":{"line":8,"column":51}},"5":{"start":{"line":14,"column":4},"end":{"line":17,"column":7}},"6":{"start":{"line":19,"column":4},"end":{"line":21,"column":null}},"7":{"start":{"line":20,"column":6},"end":{"line":20,"column":71}},"8":{"start":{"line":23,"column":30},"end":{"line":23,"column":96}},"9":{"start":{"line":24,"column":4},"end":{"line":24,"column":74}},"10":{"start":{"line":28,"column":30},"end":{"line":28,"column":84}},"11":{"start":{"line":29,"column":47},"end":{"line":29,"column":49}},"12":{"start":{"line":30,"column":4},"end":{"line":37,"column":null}},"13":{"start":{"line":31,"column":23},"end":{"line":31,"column":54}},"14":{"start":{"line":32,"column":26},"end":{"line":32,"column":63}},"15":{"start":{"line":33,"column":6},"end":{"line":36,"column":9}},"16":{"start":{"line":38,"column":4},"end":{"line":38,"column":25}},"17":{"start":{"line":42,"column":4},"end":{"line":45,"column":6}},"18":{"start":{"line":10,"column":0},"end":{"line":10,"column":13}}},"fnMap":{"0":{"name":"(anonymous_1)","decl":{"start":{"line":13,"column":2},"end":{"line":13,"column":14}},"loc":{"start":{"line":13,"column":111},"end":{"line":25,"column":3}}},"1":{"name":"(anonymous_2)","decl":{"start":{"line":27,"column":2},"end":{"line":27,"column":7}},"loc":{"start":{"line":27,"column":28},"end":{"line":39,"column":3}}},"2":{"name":"(anonymous_3)","decl":{"start":{"line":41,"column":2},"end":{"line":41,"column":7}},"loc":{"start":{"line":41,"column":62},"end":{"line":46,"column":3}}}},"branchMap":{"0":{"loc":{"start":{"line":13,"column":14},"end":{"line":13,"column":111}},"type":"default-arg","locations":[{"start":{"line":13,"column":109},"end":{"line":13,"column":111}}]},"1":{"loc":{"start":{"line":15,"column":18},"end":{"line":15,"column":82}},"type":"binary-expr","locations":[{"start":{"line":15,"column":18},"end":{"line":15,"column":38}},{"start":{"line":15,"column":42},"end":{"line":15,"column":76}},{"start":{"line":15,"column":80},"end":{"line":15,"column":82}}]},"2":{"loc":{"start":{"line":16,"column":14},"end":{"line":16,"column":65}},"type":"binary-expr","locations":[{"start":{"line":16,"column":14},"end":{"line":16,"column":40}},{"start":{"line":16,"column":44},"end":{"line":16,"column":65}}]},"3":{"loc":{"start":{"line":19,"column":4},"end":{"line":21,"column":null}},"type":"if","locations":[{"start":{"line":19,"column":4},"end":{"line":21,"column":null}}]},"4":{"loc":{"start":{"line":23,"column":30},"end":{"line":23,"column":96}},"type":"binary-expr","locations":[{"start":{"line":23,"column":30},"end":{"line":23,"column":54}},{"start":{"line":23,"column":58},"end":{"line":23,"column":96}}]}},"s":{"0":1,"1":1,"2":1,"3":1,"4":1,"5":1,"6":1,"7":0,"8":1,"9":1,"10":1,"11":1,"12":1,"13":3,"14":3,"15":3,"16":1,"17":1,"18":1},"f":{"0":1,"1":1,"2":1},"b":{"0":[0],"1":[1,0,0],"2":[1,0],"3":[0],"4":[1,0]}}
,"/Users/keshav/metriport/metriport/packages/core/src/external/quest/source-document.ts": {"path":"/Users/keshav/metriport/metriport/packages/core/src/external/quest/source-document.ts","statementMap":{"0":{"start":{"line":2,"column":0},"end":{"line":2,"column":55}},"1":{"start":{"line":3,"column":0},"end":{"line":3,"column":63}},"2":{"start":{"line":4,"column":0},"end":{"line":4,"column":37}},"3":{"start":{"line":8,"column":0},"end":{"line":8,"column":87}},"4":{"start":{"line":9,"column":0},"end":{"line":9,"column":58}},"5":{"start":{"line":14,"column":38},"end":{"line":14,"column":40}},"6":{"start":{"line":23,"column":25},"end":{"line":23,"column":56}},"7":{"start":{"line":24,"column":2},"end":{"line":24,"column":79}},"8":{"start":{"line":25,"column":2},"end":{"line":39,"column":4}},"9":{"start":{"line":28,"column":6},"end":{"line":33,"column":null}},"10":{"start":{"line":29,"column":8},"end":{"line":29,"column":59}},"11":{"start":{"line":31,"column":8},"end":{"line":31,"column":87}},"12":{"start":{"line":32,"column":8},"end":{"line":32,"column":20}},"13":{"start":{"line":40,"column":2},"end":{"line":40,"column":78}},"14":{"start":{"line":19,"column":0},"end":{"line":19,"column":7}},"15":{"start":{"line":50,"column":18},"end":{"line":50,"column":42}},"16":{"start":{"line":51,"column":2},"end":{"line":51,"column":82}},"17":{"start":{"line":52,"column":57},"end":{"line":52,"column":59}},"18":{"start":{"line":53,"column":2},"end":{"line":56,"column":null}},"19":{"start":{"line":54,"column":28},"end":{"line":54,"column":78}},"20":{"start":{"line":55,"column":4},"end":{"line":55,"column":48}},"21":{"start":{"line":57,"column":2},"end":{"line":57,"column":28}},"22":{"start":{"line":47,"column":0},"end":{"line":47,"column":16}},"23":{"start":{"line":66,"column":15},"end":{"line":66,"column":58}},"24":{"start":{"line":67,"column":33},"end":{"line":67,"column":59}},"25":{"start":{"line":70,"column":54},"end":{"line":70,"column":56}},"26":{"start":{"line":71,"column":2},"end":{"line":74,"column":null}},"27":{"start":{"line":72,"column":27},"end":{"line":72,"column":89}},"28":{"start":{"line":73,"column":4},"end":{"line":73,"column":41}},"29":{"start":{"line":75,"column":2},"end":{"line":75,"column":25}},"30":{"start":{"line":63,"column":0},"end":{"line":63,"column":16}},"31":{"start":{"line":82,"column":46},"end":{"line":82,"column":55}},"32":{"start":{"line":83,"column":2},"end":{"line":90,"column":null}},"33":{"start":{"line":84,"column":22},"end":{"line":84,"column":40}},"34":{"start":{"line":85,"column":4},"end":{"line":89,"column":null}},"35":{"start":{"line":86,"column":6},"end":{"line":86,"column":43}},"36":{"start":{"line":88,"column":6},"end":{"line":88,"column":39}},"37":{"start":{"line":91,"column":2},"end":{"line":91,"column":20}},"38":{"start":{"line":106,"column":21},"end":{"line":106,"column":65}},"39":{"start":{"line":107,"column":19},"end":{"line":107,"column":69}},"40":{"start":{"line":108,"column":30},"end":{"line":108,"column":75}},"41":{"start":{"line":108,"column":53},"end":{"line":108,"column":63}},"42":{"start":{"line":109,"column":22},"end":{"line":109,"column":88}},"43":{"start":{"line":110,"column":2},"end":{"line":110,"column":46}}},"fnMap":{"0":{"name":"uploadSourceDocuments","decl":{"start":{"line":19,"column":22},"end":{"line":19,"column":43}},"loc":{"start":{"line":21,"column":45},"end":{"line":41,"column":1}}},"1":{"name":"(anonymous_1)","decl":{"start":{"line":27,"column":4},"end":{"line":27,"column":9}},"loc":{"start":{"line":27,"column":27},"end":{"line":34,"column":5}}},"2":{"name":"splitAllResponseFilesIntoSourceDocuments","decl":{"start":{"line":47,"column":16},"end":{"line":47,"column":56}},"loc":{"start":{"line":48,"column":36},"end":{"line":58,"column":1}}},"3":{"name":"splitResponseFileIntoSourceDocuments","decl":{"start":{"line":63,"column":16},"end":{"line":63,"column":52}},"loc":{"start":{"line":64,"column":33},"end":{"line":76,"column":1}}},"4":{"name":"groupRowsByPatientId","decl":{"start":{"line":81,"column":9},"end":{"line":81,"column":29}},"loc":{"start":{"line":81,"column":49},"end":{"line":92,"column":1}}},"5":{"name":"createSourceDocument","decl":{"start":{"line":97,"column":9},"end":{"line":97,"column":29}},"loc":{"start":{"line":105,"column":1},"end":{"line":111,"column":1}}},"6":{"name":"(anonymous_6)","decl":{"start":{"line":108,"column":46},"end":{"line":108,"column":49}},"loc":{"start":{"line":108,"column":53},"end":{"line":108,"column":63}}}},"branchMap":{"0":{"loc":{"start":{"line":85,"column":4},"end":{"line":89,"column":null}},"type":"if","locations":[{"start":{"line":85,"column":4},"end":{"line":89,"column":null}},{"start":{"line":87,"column":11},"end":{"line":89,"column":null}}]}},"s":{"0":2,"1":2,"2":2,"3":2,"4":2,"5":2,"6":1,"7":1,"8":1,"9":1,"10":1,"11":0,"12":0,"13":1,"14":2,"15":0,"16":0,"17":0,"18":0,"19":0,"20":0,"21":0,"22":2,"23":1,"24":1,"25":1,"26":1,"27":1,"28":1,"29":1,"30":2,"31":1,"32":1,"33":1,"34":1,"35":0,"36":1,"37":1,"38":1,"39":1,"40":1,"41":1,"42":1,"43":1},"f":{"0":1,"1":1,"2":0,"3":1,"4":1,"5":1,"6":1},"b":{"0":[0,1]}}
,"/Users/keshav/metriport/metriport/packages/core/src/external/quest/__tests__/shared.ts": {"path":"/Users/keshav/metriport/metriport/packages/core/src/external/quest/__tests__/shared.ts","statementMap":{"0":{"start":{"line":1,"column":0},"end":{"line":1,"column":20}},"1":{"start":{"line":2,"column":0},"end":{"line":2,"column":24}},"2":{"start":{"line":4,"column":21},"end":{"line":4,"column":53}},"3":{"start":{"line":7,"column":2},"end":{"line":7,"column":56}},"4":{"start":{"line":6,"column":0},"end":{"line":6,"column":16}}},"fnMap":{"0":{"name":"getArtifact","decl":{"start":{"line":6,"column":16},"end":{"line":6,"column":27}},"loc":{"start":{"line":6,"column":40},"end":{"line":8,"column":1}}}},"branchMap":{},"s":{"0":4,"1":4,"2":4,"3":6,"4":4},"f":{"0":6},"b":{}}
,"/Users/keshav/metriport/metriport/packages/core/src/external/quest/file/constants.ts": {"path":"/Users/keshav/metriport/metriport/packages/core/src/external/quest/file/constants.ts","statementMap":{"0":{"start":{"line":1,"column":13},"end":{"line":2,"column":767}}},"fnMap":{},"branchMap":{},"s":{"0":2},"f":{},"b":{}}
,"/Users/keshav/metriport/metriport/packages/core/src/external/quest/file/file-generator.ts": {"path":"/Users/keshav/metriport/metriport/packages/core/src/external/quest/file/file-generator.ts","statementMap":{"0":{"start":{"line":3,"column":0},"end":{"line":3,"column":51}},"1":{"start":{"line":4,"column":0},"end":{"line":4,"column":77}},"2":{"start":{"line":5,"column":0},"end":{"line":5,"column":76}},"3":{"start":{"line":6,"column":0},"end":{"line":6,"column":null}},"4":{"start":{"line":17,"column":17},"end":{"line":17,"column":36}},"5":{"start":{"line":18,"column":40},"end":{"line":18,"column":66}},"6":{"start":{"line":19,"column":17},"end":{"line":19,"column":55}},"7":{"start":{"line":20,"column":2},"end":{"line":20,"column":47}},"8":{"start":{"line":16,"column":0},"end":{"line":16,"column":16}},"9":{"start":{"line":24,"column":2},"end":{"line":28,"column":4}},"10":{"start":{"line":32,"column":40},"end":{"line":32,"column":42}},"11":{"start":{"line":33,"column":15},"end":{"line":41,"column":4}},"12":{"start":{"line":35,"column":16},"end":{"line":35,"column":40}},"13":{"start":{"line":36,"column":4},"end":{"line":39,"column":null}},"14":{"start":{"line":37,"column":6},"end":{"line":37,"column":43}},"15":{"start":{"line":38,"column":6},"end":{"line":38,"column":19}},"16":{"start":{"line":40,"column":4},"end":{"line":40,"column":14}},"17":{"start":{"line":42,"column":15},"end":{"line":42,"column":34}},"18":{"start":{"line":43,"column":2},"end":{"line":43,"column":39}},"19":{"start":{"line":47,"column":2},"end":{"line":49,"column":null}},"20":{"start":{"line":48,"column":4},"end":{"line":48,"column":21}},"21":{"start":{"line":50,"column":46},"end":{"line":50,"column":75}},"22":{"start":{"line":51,"column":24},"end":{"line":51,"column":50}},"23":{"start":{"line":53,"column":17},"end":{"line":53,"column":62}},"24":{"start":{"line":54,"column":22},"end":{"line":54,"column":51}},"25":{"start":{"line":55,"column":18},"end":{"line":55,"column":36}},"26":{"start":{"line":56,"column":2},"end":{"line":57,"column":21}},"27":{"start":{"line":57,"column":4},"end":{"line":57,"column":21}},"28":{"start":{"line":59,"column":2},"end":{"line":83,"column":4}},"29":{"start":{"line":87,"column":2},"end":{"line":91,"column":4}},"30":{"start":{"line":99,"column":17},"end":{"line":99,"column":44}},"31":{"start":{"line":100,"column":2},"end":{"line":104,"column":null}},"32":{"start":{"line":101,"column":4},"end":{"line":103,"column":7}},"33":{"start":{"line":105,"column":17},"end":{"line":105,"column":73}},"34":{"start":{"line":105,"column":40},"end":{"line":105,"column":72}},"35":{"start":{"line":106,"column":20},"end":{"line":106,"column":42}},"36":{"start":{"line":107,"column":2},"end":{"line":107,"column":41}},"37":{"start":{"line":94,"column":0},"end":{"line":94,"column":16}}},"fnMap":{"0":{"name":"buildRosterFile","decl":{"start":{"line":16,"column":16},"end":{"line":16,"column":31}},"loc":{"start":{"line":16,"column":51},"end":{"line":21,"column":1}}},"1":{"name":"buildRosterHeader","decl":{"start":{"line":23,"column":9},"end":{"line":23,"column":26}},"loc":{"start":{"line":23,"column":26},"end":{"line":29,"column":1}}},"2":{"name":"buildRosterTable","decl":{"start":{"line":31,"column":9},"end":{"line":31,"column":25}},"loc":{"start":{"line":31,"column":45},"end":{"line":44,"column":1}}},"3":{"name":"(anonymous_3)","decl":{"start":{"line":33,"column":32},"end":{"line":33,"column":39}},"loc":{"start":{"line":33,"column":42},"end":{"line":41,"column":3}}},"4":{"name":"buildPatientRow","decl":{"start":{"line":46,"column":9},"end":{"line":46,"column":24}},"loc":{"start":{"line":46,"column":41},"end":{"line":84,"column":1}}},"5":{"name":"buildRosterFooter","decl":{"start":{"line":86,"column":9},"end":{"line":86,"column":26}},"loc":{"start":{"line":86,"column":56},"end":{"line":92,"column":1}}},"6":{"name":"buildQuestRequestRow","decl":{"start":{"line":94,"column":16},"end":{"line":94,"column":36}},"loc":{"start":{"line":97,"column":37},"end":{"line":108,"column":1}}},"7":{"name":"(anonymous_7)","decl":{"start":{"line":105,"column":31},"end":{"line":105,"column":36}},"loc":{"start":{"line":105,"column":40},"end":{"line":105,"column":72}}}},"branchMap":{"0":{"loc":{"start":{"line":36,"column":4},"end":{"line":39,"column":null}},"type":"if","locations":[{"start":{"line":36,"column":4},"end":{"line":39,"column":null}}]},"1":{"loc":{"start":{"line":47,"column":2},"end":{"line":49,"column":null}},"type":"if","locations":[{"start":{"line":47,"column":2},"end":{"line":49,"column":null}}]},"2":{"loc":{"start":{"line":56,"column":2},"end":{"line":57,"column":21}},"type":"if","locations":[{"start":{"line":56,"column":2},"end":{"line":57,"column":21}}]},"3":{"loc":{"start":{"line":56,"column":6},"end":{"line":56,"column":90}},"type":"binary-expr","locations":[{"start":{"line":56,"column":6},"end":{"line":56,"column":14}},{"start":{"line":56,"column":18},"end":{"line":56,"column":39}},{"start":{"line":56,"column":43},"end":{"line":56,"column":56}},{"start":{"line":56,"column":60},"end":{"line":56,"column":74}},{"start":{"line":56,"column":78},"end":{"line":56,"column":90}}]},"4":{"loc":{"start":{"line":100,"column":2},"end":{"line":104,"column":null}},"type":"if","locations":[{"start":{"line":100,"column":2},"end":{"line":104,"column":null}}]}},"s":{"0":1,"1":1,"2":1,"3":1,"4":1,"5":1,"6":1,"7":1,"8":1,"9":1,"10":1,"11":1,"12":2,"13":2,"14":2,"15":2,"16":0,"17":1,"18":1,"19":2,"20":0,"21":2,"22":2,"23":2,"24":2,"25":2,"26":2,"27":0,"28":2,"29":1,"30":4,"31":4,"32":0,"33":4,"34":84,"35":4,"36":4,"37":1},"f":{"0":1,"1":1,"2":1,"3":2,"4":2,"5":1,"6":4,"7":84},"b":{"0":[2],"1":[0],"2":[0],"3":[2,2,2,2,2],"4":[0]}}
,"/Users/keshav/metriport/metriport/packages/core/src/external/quest/file/file-names.ts": {"path":"/Users/keshav/metriport/metriport/packages/core/src/external/quest/file/file-names.ts","statementMap":{"0":{"start":{"line":1,"column":0},"end":{"line":1,"column":51}},"1":{"start":{"line":2,"column":0},"end":{"line":2,"column":59}},"2":{"start":{"line":4,"column":29},"end":{"line":4,"column":41}},"3":{"start":{"line":5,"column":32},"end":{"line":5,"column":38}},"4":{"start":{"line":6,"column":22},"end":{"line":6,"column":32}},"5":{"start":{"line":9,"column":17},"end":{"line":9,"column":48}},"6":{"start":{"line":10,"column":2},"end":{"line":10,"column":42}},"7":{"start":{"line":8,"column":0},"end":{"line":8,"column":16}},"8":{"start":{"line":18,"column":2},"end":{"line":23,"column":null}},"9":{"start":{"line":19,"column":4},"end":{"line":22,"column":7}},"10":{"start":{"line":24,"column":17},"end":{"line":26,"column":null}},"11":{"start":{"line":29,"column":2},"end":{"line":35,"column":null}},"12":{"start":{"line":30,"column":4},"end":{"line":34,"column":7}},"13":{"start":{"line":37,"column":2},"end":{"line":39,"column":4}},"14":{"start":{"line":17,"column":0},"end":{"line":17,"column":16}},"15":{"start":{"line":49,"column":2},"end":{"line":49,"column":80}},"16":{"start":{"line":42,"column":0},"end":{"line":42,"column":16}},"17":{"start":{"line":59,"column":2},"end":{"line":59,"column":61}},"18":{"start":{"line":52,"column":0},"end":{"line":52,"column":16}},"19":{"start":{"line":63,"column":2},"end":{"line":63,"column":65}},"20":{"start":{"line":62,"column":0},"end":{"line":62,"column":16}},"21":{"start":{"line":75,"column":2},"end":{"line":75,"column":86}},"22":{"start":{"line":66,"column":0},"end":{"line":66,"column":16}}},"fnMap":{"0":{"name":"buildRosterFileName","decl":{"start":{"line":8,"column":16},"end":{"line":8,"column":35}},"loc":{"start":{"line":8,"column":35},"end":{"line":11,"column":1}}},"1":{"name":"parseResponseFileName","decl":{"start":{"line":17,"column":16},"end":{"line":17,"column":37}},"loc":{"start":{"line":17,"column":54},"end":{"line":40,"column":1}}},"2":{"name":"buildSourceDocumentFileName","decl":{"start":{"line":42,"column":16},"end":{"line":42,"column":43}},"loc":{"start":{"line":48,"column":1},"end":{"line":50,"column":1}}},"3":{"name":"buildPatientLabConversionPrefix","decl":{"start":{"line":52,"column":16},"end":{"line":52,"column":47}},"loc":{"start":{"line":58,"column":1},"end":{"line":60,"column":1}}},"4":{"name":"buildLatestConversionFileName","decl":{"start":{"line":62,"column":16},"end":{"line":62,"column":45}},"loc":{"start":{"line":62,"column":77},"end":{"line":64,"column":1}}},"5":{"name":"buildLabConversionFileNameForDate","decl":{"start":{"line":66,"column":16},"end":{"line":66,"column":49}},"loc":{"start":{"line":74,"column":1},"end":{"line":76,"column":1}}}},"branchMap":{"0":{"loc":{"start":{"line":18,"column":2},"end":{"line":23,"column":null}},"type":"if","locations":[{"start":{"line":18,"column":2},"end":{"line":23,"column":null}}]},"1":{"loc":{"start":{"line":18,"column":6},"end":{"line":18,"column":95}},"type":"binary-expr","locations":[{"start":{"line":18,"column":6},"end":{"line":18,"column":48}},{"start":{"line":18,"column":52},"end":{"line":18,"column":95}}]},"2":{"loc":{"start":{"line":29,"column":2},"end":{"line":35,"column":null}},"type":"if","locations":[{"start":{"line":29,"column":2},"end":{"line":35,"column":null}}]}},"s":{"0":3,"1":3,"2":3,"3":3,"4":3,"5":1,"6":1,"7":3,"8":8,"9":3,"10":5,"11":5,"12":3,"13":2,"14":3,"15":2,"16":3,"17":1,"18":3,"19":1,"20":3,"21":1,"22":3},"f":{"0":1,"1":8,"2":2,"3":1,"4":1,"5":1},"b":{"0":[3],"1":[8,6],"2":[3]}}
,"/Users/keshav/metriport/metriport/packages/core/src/external/quest/file/file-parser.ts": {"path":"/Users/keshav/metriport/metriport/packages/core/src/external/quest/file/file-parser.ts","statementMap":{"0":{"start":{"line":1,"column":0},"end":{"line":1,"column":51}},"1":{"start":{"line":2,"column":0},"end":{"line":2,"column":93}},"2":{"start":{"line":6,"column":42},"end":{"line":7,"column":null}},"3":{"start":{"line":7,"column":76},"end":{"line":7,"column":99}},"4":{"start":{"line":11,"column":63},"end":{"line":15,"column":null}},"5":{"start":{"line":12,"column":99},"end":{"line":15,"column":4}},"6":{"start":{"line":19,"column":50},"end":{"line":19,"column":52}},"7":{"start":{"line":20,"column":16},"end":{"line":23,"column":39}},"8":{"start":{"line":23,"column":20},"end":{"line":23,"column":38}},"9":{"start":{"line":24,"column":21},"end":{"line":24,"column":34}},"10":{"start":{"line":25,"column":2},"end":{"line":25,"column":80}},"11":{"start":{"line":25,"column":19},"end":{"line":25,"column":80}},"12":{"start":{"line":26,"column":20},"end":{"line":26,"column":42}},"13":{"start":{"line":28,"column":2},"end":{"line":66,"column":null}},"14":{"start":{"line":29,"column":16},"end":{"line":29,"column":32}},"15":{"start":{"line":30,"column":4},"end":{"line":65,"column":null}},"16":{"start":{"line":31,"column":24},"end":{"line":47,"column":null}},"17":{"start":{"line":33,"column":22},"end":{"line":33,"column":39}},"18":{"start":{"line":34,"column":10},"end":{"line":38,"column":null}},"19":{"start":{"line":35,"column":12},"end":{"line":37,"column":15}},"20":{"start":{"line":39,"column":25},"end":{"line":39,"column":40}},"21":{"start":{"line":40,"column":10},"end":{"line":44,"column":null}},"22":{"start":{"line":41,"column":12},"end":{"line":43,"column":15}},"23":{"start":{"line":45,"column":33},"end":{"line":45,"column":65}},"24":{"start":{"line":46,"column":10},"end":{"line":46,"column":30}},"25":{"start":{"line":49,"column":21},"end":{"line":49,"column":62}},"26":{"start":{"line":50,"column":6},"end":{"line":59,"column":null}},"27":{"start":{"line":51,"column":8},"end":{"line":54,"column":11}},"28":{"start":{"line":56,"column":8},"end":{"line":58,"column":11}},"29":{"start":{"line":61,"column":6},"end":{"line":64,"column":9}},"30":{"start":{"line":67,"column":2},"end":{"line":67,"column":17}},"31":{"start":{"line":18,"column":0},"end":{"line":18,"column":16}}},"fnMap":{"0":{"name":"(anonymous_0)","decl":{"start":{"line":7,"column":68},"end":{"line":7,"column":72}},"loc":{"start":{"line":7,"column":76},"end":{"line":7,"column":99}}},"1":{"name":"(anonymous_1)","decl":{"start":{"line":12,"column":91},"end":{"line":12,"column":95}},"loc":{"start":{"line":12,"column":99},"end":{"line":15,"column":4}}},"2":{"name":"parseResponseFile","decl":{"start":{"line":18,"column":16},"end":{"line":18,"column":33}},"loc":{"start":{"line":18,"column":49},"end":{"line":68,"column":1}}},"3":{"name":"(anonymous_3)","decl":{"start":{"line":23,"column":12},"end":{"line":23,"column":16}},"loc":{"start":{"line":23,"column":20},"end":{"line":23,"column":38}}},"4":{"name":"(anonymous_4)","decl":{"start":{"line":32,"column":22},"end":{"line":32,"column":23}},"loc":{"start":{"line":32,"column":40},"end":{"line":47,"column":9}}}},"branchMap":{"0":{"loc":{"start":{"line":25,"column":2},"end":{"line":25,"column":80}},"type":"if","locations":[{"start":{"line":25,"column":2},"end":{"line":25,"column":80}}]},"1":{"loc":{"start":{"line":30,"column":4},"end":{"line":65,"column":null}},"type":"if","locations":[{"start":{"line":30,"column":4},"end":{"line":65,"column":null}},{"start":{"line":60,"column":11},"end":{"line":65,"column":null}}]},"2":{"loc":{"start":{"line":34,"column":10},"end":{"line":38,"column":null}},"type":"if","locations":[{"start":{"line":34,"column":10},"end":{"line":38,"column":null}}]},"3":{"loc":{"start":{"line":40,"column":10},"end":{"line":44,"column":null}},"type":"if","locations":[{"start":{"line":40,"column":10},"end":{"line":44,"column":null}}]},"4":{"loc":{"start":{"line":45,"column":40},"end":{"line":45,"column":64}},"type":"binary-expr","locations":[{"start":{"line":45,"column":40},"end":{"line":45,"column":58}},{"start":{"line":45,"column":62},"end":{"line":45,"column":64}}]},"5":{"loc":{"start":{"line":50,"column":6},"end":{"line":59,"column":null}},"type":"if","locations":[{"start":{"line":50,"column":6},"end":{"line":59,"column":null}},{"start":{"line":55,"column":13},"end":{"line":59,"column":null}}]}},"s":{"0":3,"1":3,"2":3,"3":183,"4":3,"5":183,"6":3,"7":3,"8":7,"9":3,"10":3,"11":0,"12":3,"13":3,"14":4,"15":4,"16":4,"17":244,"18":244,"19":0,"20":244,"21":244,"22":0,"23":244,"24":244,"25":4,"26":4,"27":4,"28":0,"29":0,"30":3,"31":3},"f":{"0":183,"1":183,"2":3,"3":7,"4":244},"b":{"0":[0],"1":[4,0],"2":[0],"3":[0],"4":[244,0],"5":[4,0]}}
,"/Users/keshav/metriport/metriport/packages/core/src/external/quest/schema/request.ts": {"path":"/Users/keshav/metriport/metriport/packages/core/src/external/quest/schema/request.ts","statementMap":{"0":{"start":{"line":1,"column":0},"end":{"line":1,"column":24}},"1":{"start":{"line":2,"column":0},"end":{"line":2,"column":null}},"2":{"start":{"line":10,"column":0},"end":{"line":10,"column":57}},"3":{"start":{"line":12,"column":13},"end":{"line":16,"column":3}},"4":{"start":{"line":20,"column":13},"end":{"line":80,"column":2}},"5":{"start":{"line":82,"column":13},"end":{"line":118,"column":3}},"6":{"start":{"line":122,"column":13},"end":{"line":333,"column":2}},"7":{"start":{"line":335,"column":13},"end":{"line":338,"column":3}},"8":{"start":{"line":342,"column":13},"end":{"line":360,"column":2}}},"fnMap":{},"branchMap":{},"s":{"0":1,"1":1,"2":1,"3":1,"4":1,"5":1,"6":1,"7":1,"8":1},"f":{},"b":{}}
,"/Users/keshav/metriport/metriport/packages/core/src/external/quest/schema/response.ts": {"path":"/Users/keshav/metriport/metriport/packages/core/src/external/quest/schema/response.ts","statementMap":{"0":{"start":{"line":1,"column":0},"end":{"line":1,"column":24}},"1":{"start":{"line":2,"column":0},"end":{"line":2,"column":null}},"2":{"start":{"line":9,"column":0},"end":{"line":9,"column":55}},"3":{"start":{"line":13,"column":13},"end":{"line":15,"column":3}},"4":{"start":{"line":19,"column":13},"end":{"line":27,"column":2}},"5":{"start":{"line":30,"column":2},"end":{"line":30,"column":54}},"6":{"start":{"line":29,"column":0},"end":{"line":29,"column":16}},"7":{"start":{"line":33,"column":13},"end":{"line":98,"column":3}},"8":{"start":{"line":103,"column":2},"end":{"line":103,"column":54}},"9":{"start":{"line":102,"column":0},"end":{"line":102,"column":16}},"10":{"start":{"line":106,"column":13},"end":{"line":534,"column":2}},"11":{"start":{"line":536,"column":13},"end":{"line":539,"column":3}},"12":{"start":{"line":543,"column":13},"end":{"line":558,"column":2}},"13":{"start":{"line":561,"column":2},"end":{"line":561,"column":54}},"14":{"start":{"line":560,"column":0},"end":{"line":560,"column":16}},"15":{"start":{"line":564,"column":13},"end":{"line":581,"column":2}}},"fnMap":{"0":{"name":"isResponseHeader","decl":{"start":{"line":29,"column":16},"end":{"line":29,"column":32}},"loc":{"start":{"line":29,"column":45},"end":{"line":31,"column":1}}},"1":{"name":"isResponseDetail","decl":{"start":{"line":102,"column":16},"end":{"line":102,"column":32}},"loc":{"start":{"line":102,"column":45},"end":{"line":104,"column":1}}},"2":{"name":"isResponseFooter","decl":{"start":{"line":560,"column":16},"end":{"line":560,"column":32}},"loc":{"start":{"line":560,"column":45},"end":{"line":562,"column":1}}}},"branchMap":{},"s":{"0":3,"1":3,"2":3,"3":3,"4":3,"5":0,"6":3,"7":3,"8":0,"9":3,"10":3,"11":3,"12":3,"13":0,"14":3,"15":3},"f":{"0":0,"1":0,"2":0},"b":{}}
,"/Users/keshav/metriport/metriport/packages/core/src/external/quest/schema/shared.ts": {"path":"/Users/keshav/metriport/metriport/packages/core/src/external/quest/schema/shared.ts","statementMap":{"0":{"start":{"line":1,"column":0},"end":{"line":1,"column":51}},"1":{"start":{"line":2,"column":0},"end":{"line":2,"column":68}},"2":{"start":{"line":89,"column":2},"end":{"line":89,"column":40}},"3":{"start":{"line":93,"column":25},"end":{"line":93,"column":91}},"4":{"start":{"line":94,"column":2},"end":{"line":94,"column":48}},"5":{"start":{"line":102,"column":2},"end":{"line":114,"column":4}},"6":{"start":{"line":103,"column":18},"end":{"line":103,"column":35}},"7":{"start":{"line":104,"column":4},"end":{"line":113,"column":null}},"8":{"start":{"line":105,"column":6},"end":{"line":105,"column":47}},"9":{"start":{"line":106,"column":11},"end":{"line":113,"column":null}},"10":{"start":{"line":107,"column":6},"end":{"line":107,"column":45}},"11":{"start":{"line":109,"column":6},"end":{"line":112,"column":9}},"12":{"start":{"line":97,"column":0},"end":{"line":97,"column":16}},"13":{"start":{"line":121,"column":24},"end":{"line":121,"column":43}},"14":{"start":{"line":122,"column":2},"end":{"line":133,"column":4}},"15":{"start":{"line":123,"column":4},"end":{"line":132,"column":null}},"16":{"start":{"line":124,"column":6},"end":{"line":124,"column":24}},"17":{"start":{"line":125,"column":11},"end":{"line":132,"column":null}},"18":{"start":{"line":126,"column":6},"end":{"line":126,"column":51}},"19":{"start":{"line":128,"column":6},"end":{"line":131,"column":9}},"20":{"start":{"line":117,"column":0},"end":{"line":117,"column":16}},"21":{"start":{"line":137,"column":2},"end":{"line":139,"column":4}},"22":{"start":{"line":138,"column":4},"end":{"line":138,"column":43}},"23":{"start":{"line":136,"column":0},"end":{"line":136,"column":16}},"24":{"start":{"line":146,"column":2},"end":{"line":171,"column":4}},"25":{"start":{"line":147,"column":18},"end":{"line":147,"column":35}},"26":{"start":{"line":148,"column":4},"end":{"line":170,"column":null}},"27":{"start":{"line":149,"column":6},"end":{"line":151,"column":null}},"28":{"start":{"line":150,"column":8},"end":{"line":150,"column":46}},"29":{"start":{"line":152,"column":6},"end":{"line":161,"column":null}},"30":{"start":{"line":153,"column":8},"end":{"line":155,"column":null}},"31":{"start":{"line":154,"column":10},"end":{"line":154,"column":58}},"32":{"start":{"line":156,"column":8},"end":{"line":160,"column":11}},"33":{"start":{"line":162,"column":6},"end":{"line":162,"column":47}},"34":{"start":{"line":163,"column":11},"end":{"line":170,"column":null}},"35":{"start":{"line":164,"column":6},"end":{"line":164,"column":54}},"36":{"start":{"line":166,"column":6},"end":{"line":169,"column":9}},"37":{"start":{"line":142,"column":0},"end":{"line":142,"column":16}},"38":{"start":{"line":175,"column":2},"end":{"line":181,"column":4}},"39":{"start":{"line":176,"column":4},"end":{"line":180,"column":null}},"40":{"start":{"line":177,"column":6},"end":{"line":177,"column":56}},"41":{"start":{"line":179,"column":6},"end":{"line":179,"column":19}},"42":{"start":{"line":174,"column":0},"end":{"line":174,"column":16}},"43":{"start":{"line":188,"column":2},"end":{"line":200,"column":4}},"44":{"start":{"line":189,"column":18},"end":{"line":189,"column":35}},"45":{"start":{"line":190,"column":4},"end":{"line":199,"column":null}},"46":{"start":{"line":191,"column":6},"end":{"line":191,"column":58}},"47":{"start":{"line":192,"column":11},"end":{"line":199,"column":null}},"48":{"start":{"line":193,"column":6},"end":{"line":193,"column":45}},"49":{"start":{"line":195,"column":6},"end":{"line":198,"column":9}},"50":{"start":{"line":184,"column":0},"end":{"line":184,"column":16}},"51":{"start":{"line":204,"column":2},"end":{"line":218,"column":4}},"52":{"start":{"line":205,"column":4},"end":{"line":211,"column":null}},"53":{"start":{"line":206,"column":6},"end":{"line":210,"column":null}},"54":{"start":{"line":207,"column":8},"end":{"line":207,"column":56}},"55":{"start":{"line":209,"column":8},"end":{"line":209,"column":59}},"56":{"start":{"line":212,"column":17},"end":{"line":212,"column":27}},"57":{"start":{"line":213,"column":4},"end":{"line":213,"column":61}},"58":{"start":{"line":214,"column":4},"end":{"line":214,"column":62}},"59":{"start":{"line":215,"column":4},"end":{"line":215,"column":57}},"60":{"start":{"line":216,"column":4},"end":{"line":216,"column":33}},"61":{"start":{"line":217,"column":4},"end":{"line":217,"column":16}},"62":{"start":{"line":203,"column":0},"end":{"line":203,"column":16}},"63":{"start":{"line":225,"column":2},"end":{"line":239,"column":4}},"64":{"start":{"line":226,"column":18},"end":{"line":226,"column":35}},"65":{"start":{"line":227,"column":4},"end":{"line":238,"column":null}},"66":{"start":{"line":228,"column":6},"end":{"line":228,"column":52}},"67":{"start":{"line":229,"column":11},"end":{"line":238,"column":null}},"68":{"start":{"line":230,"column":6},"end":{"line":230,"column":37}},"69":{"start":{"line":231,"column":11},"end":{"line":238,"column":null}},"70":{"start":{"line":232,"column":6},"end":{"line":232,"column":16}},"71":{"start":{"line":234,"column":6},"end":{"line":237,"column":9}},"72":{"start":{"line":221,"column":0},"end":{"line":221,"column":16}},"73":{"start":{"line":243,"column":2},"end":{"line":262,"column":4}},"74":{"start":{"line":244,"column":4},"end":{"line":252,"column":null}},"75":{"start":{"line":245,"column":6},"end":{"line":251,"column":null}},"76":{"start":{"line":246,"column":8},"end":{"line":246,"column":58}},"77":{"start":{"line":248,"column":8},"end":{"line":250,"column":11}},"78":{"start":{"line":254,"column":19},"end":{"line":254,"column":38}},"79":{"start":{"line":255,"column":4},"end":{"line":261,"column":null}},"80":{"start":{"line":256,"column":6},"end":{"line":256,"column":20}},"81":{"start":{"line":258,"column":6},"end":{"line":260,"column":9}},"82":{"start":{"line":242,"column":0},"end":{"line":242,"column":16}}},"fnMap":{"0":{"name":"fillEmptyByteLength","decl":{"start":{"line":88,"column":9},"end":{"line":88,"column":28}},"loc":{"start":{"line":88,"column":47},"end":{"line":90,"column":1}}},"1":{"name":"fillByteLength","decl":{"start":{"line":92,"column":9},"end":{"line":92,"column":23}},"loc":{"start":{"line":92,"column":57},"end":{"line":95,"column":1}}},"2":{"name":"toQuestEnum","decl":{"start":{"line":97,"column":16},"end":{"line":97,"column":27}},"loc":{"start":{"line":100,"column":26},"end":{"line":115,"column":1}}},"3":{"name":"(anonymous_3)","decl":{"start":{"line":102,"column":9},"end":{"line":102,"column":19}},"loc":{"start":{"line":102,"column":54},"end":{"line":114,"column":3}}},"4":{"name":"fromQuestEnum","decl":{"start":{"line":117,"column":16},"end":{"line":117,"column":29}},"loc":{"start":{"line":119,"column":21},"end":{"line":134,"column":1}}},"5":{"name":"(anonymous_5)","decl":{"start":{"line":122,"column":9},"end":{"line":122,"column":19}},"loc":{"start":{"line":122,"column":32},"end":{"line":133,"column":3}}},"6":{"name":"toQuestUnused","decl":{"start":{"line":136,"column":16},"end":{"line":136,"column":29}},"loc":{"start":{"line":136,"column":29},"end":{"line":140,"column":1}}},"7":{"name":"(anonymous_7)","decl":{"start":{"line":137,"column":9},"end":{"line":137,"column":19}},"loc":{"start":{"line":137,"column":43},"end":{"line":139,"column":3}}},"8":{"name":"toQuestString","decl":{"start":{"line":142,"column":16},"end":{"line":142,"column":29}},"loc":{"start":{"line":144,"column":92},"end":{"line":172,"column":1}}},"9":{"name":"(anonymous_9)","decl":{"start":{"line":146,"column":9},"end":{"line":146,"column":19}},"loc":{"start":{"line":146,"column":54},"end":{"line":171,"column":3}}},"10":{"name":"fromQuestString","decl":{"start":{"line":174,"column":16},"end":{"line":174,"column":31}},"loc":{"start":{"line":174,"column":74},"end":{"line":182,"column":1}}},"11":{"name":"(anonymous_11)","decl":{"start":{"line":175,"column":9},"end":{"line":175,"column":19}},"loc":{"start":{"line":175,"column":32},"end":{"line":181,"column":3}}},"12":{"name":"toQuestInteger","decl":{"start":{"line":184,"column":16},"end":{"line":184,"column":30}},"loc":{"start":{"line":186,"column":51},"end":{"line":201,"column":1}}},"13":{"name":"(anonymous_13)","decl":{"start":{"line":188,"column":9},"end":{"line":188,"column":19}},"loc":{"start":{"line":188,"column":54},"end":{"line":200,"column":3}}},"14":{"name":"fromQuestDate","decl":{"start":{"line":203,"column":16},"end":{"line":203,"column":29}},"loc":{"start":{"line":203,"column":72},"end":{"line":219,"column":1}}},"15":{"name":"(anonymous_15)","decl":{"start":{"line":204,"column":9},"end":{"line":204,"column":19}},"loc":{"start":{"line":204,"column":32},"end":{"line":218,"column":3}}},"16":{"name":"toQuestDate","decl":{"start":{"line":221,"column":16},"end":{"line":221,"column":27}},"loc":{"start":{"line":223,"column":84},"end":{"line":240,"column":1}}},"17":{"name":"(anonymous_17)","decl":{"start":{"line":225,"column":9},"end":{"line":225,"column":19}},"loc":{"start":{"line":225,"column":34},"end":{"line":239,"column":3}}},"18":{"name":"fromQuestInteger","decl":{"start":{"line":242,"column":16},"end":{"line":242,"column":32}},"loc":{"start":{"line":242,"column":75},"end":{"line":263,"column":1}}},"19":{"name":"(anonymous_19)","decl":{"start":{"line":243,"column":9},"end":{"line":243,"column":19}},"loc":{"start":{"line":243,"column":32},"end":{"line":262,"column":3}}}},"branchMap":{"0":{"loc":{"start":{"line":93,"column":25},"end":{"line":93,"column":91}},"type":"cond-expr","locations":[{"start":{"line":93,"column":53},"end":{"line":93,"column":83}},{"start":{"line":93,"column":86},"end":{"line":93,"column":91}}]},"1":{"loc":{"start":{"line":100,"column":2},"end":{"line":100,"column":26}},"type":"default-arg","locations":[{"start":{"line":100,"column":24},"end":{"line":100,"column":26}}]},"2":{"loc":{"start":{"line":104,"column":4},"end":{"line":113,"column":null}},"type":"if","locations":[{"start":{"line":104,"column":4},"end":{"line":113,"column":null}},{"start":{"line":106,"column":11},"end":{"line":113,"column":null}}]},"3":{"loc":{"start":{"line":104,"column":8},"end":{"line":104,"column":63}},"type":"binary-expr","locations":[{"start":{"line":104,"column":8},"end":{"line":104,"column":33}},{"start":{"line":104,"column":37},"end":{"line":104,"column":63}}]},"4":{"loc":{"start":{"line":106,"column":11},"end":{"line":113,"column":null}},"type":"if","locations":[{"start":{"line":106,"column":11},"end":{"line":113,"column":null}},{"start":{"line":108,"column":11},"end":{"line":113,"column":null}}]},"5":{"loc":{"start":{"line":106,"column":15},"end":{"line":106,"column":47}},"type":"binary-expr","locations":[{"start":{"line":106,"column":15},"end":{"line":106,"column":30}},{"start":{"line":106,"column":34},"end":{"line":106,"column":47}}]},"6":{"loc":{"start":{"line":119,"column":2},"end":{"line":119,"column":21}},"type":"default-arg","locations":[{"start":{"line":119,"column":14},"end":{"line":119,"column":21}}]},"7":{"loc":{"start":{"line":123,"column":4},"end":{"line":132,"column":null}},"type":"if","locations":[{"start":{"line":123,"column":4},"end":{"line":132,"column":null}},{"start":{"line":125,"column":11},"end":{"line":132,"column":null}}]},"8":{"loc":{"start":{"line":125,"column":11},"end":{"line":132,"column":null}},"type":"if","locations":[{"start":{"line":125,"column":11},"end":{"line":132,"column":null}},{"start":{"line":127,"column":11},"end":{"line":132,"column":null}}]},"9":{"loc":{"start":{"line":125,"column":15},"end":{"line":125,"column":46}},"type":"binary-expr","locations":[{"start":{"line":125,"column":15},"end":{"line":125,"column":27}},{"start":{"line":125,"column":31},"end":{"line":125,"column":46}}]},"10":{"loc":{"start":{"line":144,"column":2},"end":{"line":144,"column":92}},"type":"default-arg","locations":[{"start":{"line":144,"column":90},"end":{"line":144,"column":92}}]},"11":{"loc":{"start":{"line":144,"column":4},"end":{"line":144,"column":20}},"type":"default-arg","locations":[{"start":{"line":144,"column":15},"end":{"line":144,"column":20}}]},"12":{"loc":{"start":{"line":144,"column":22},"end":{"line":144,"column":35}},"type":"default-arg","locations":[{"start":{"line":144,"column":34},"end":{"line":144,"column":35}}]},"13":{"loc":{"start":{"line":144,"column":37},"end":{"line":144,"column":53}},"type":"default-arg","locations":[{"start":{"line":144,"column":48},"end":{"line":144,"column":53}}]},"14":{"loc":{"start":{"line":144,"column":55},"end":{"line":144,"column":72}},"type":"default-arg","locations":[{"start":{"line":144,"column":70},"end":{"line":144,"column":72}}]},"15":{"loc":{"start":{"line":148,"column":4},"end":{"line":170,"column":null}},"type":"if","locations":[{"start":{"line":148,"column":4},"end":{"line":170,"column":null}},{"start":{"line":163,"column":11},"end":{"line":170,"column":null}}]},"16":{"loc":{"start":{"line":149,"column":6},"end":{"line":151,"column":null}},"type":"if","locations":[{"start":{"line":149,"column":6},"end":{"line":151,"column":null}}]},"17":{"loc":{"start":{"line":149,"column":10},"end":{"line":149,"column":47}},"type":"binary-expr","locations":[{"start":{"line":149,"column":10},"end":{"line":149,"column":18}},{"start":{"line":149,"column":22},"end":{"line":149,"column":47}}]},"18":{"loc":{"start":{"line":152,"column":6},"end":{"line":161,"column":null}},"type":"if","locations":[{"start":{"line":152,"column":6},"end":{"line":161,"column":null}}]},"19":{"loc":{"start":{"line":152,"column":10},"end":{"line":152,"column":55}},"type":"binary-expr","locations":[{"start":{"line":152,"column":10},"end":{"line":152,"column":27}},{"start":{"line":152,"column":31},"end":{"line":152,"column":55}}]},"20":{"loc":{"start":{"line":153,"column":8},"end":{"line":155,"column":null}},"type":"if","locations":[{"start":{"line":153,"column":8},"end":{"line":155,"column":null}}]},"21":{"loc":{"start":{"line":163,"column":11},"end":{"line":170,"column":null}},"type":"if","locations":[{"start":{"line":163,"column":11},"end":{"line":170,"column":null}},{"start":{"line":165,"column":11},"end":{"line":170,"column":null}}]},"22":{"loc":{"start":{"line":163,"column":15},"end":{"line":163,"column":40}},"type":"binary-expr","locations":[{"start":{"line":163,"column":15},"end":{"line":163,"column":23}},{"start":{"line":163,"column":27},"end":{"line":163,"column":40}}]},"23":{"loc":{"start":{"line":174,"column":55},"end":{"line":174,"column":74}},"type":"default-arg","locations":[{"start":{"line":174,"column":67},"end":{"line":174,"column":74}}]},"24":{"loc":{"start":{"line":176,"column":4},"end":{"line":180,"column":null}},"type":"if","locations":[{"start":{"line":176,"column":4},"end":{"line":180,"column":null}},{"start":{"line":178,"column":11},"end":{"line":180,"column":null}}]},"25":{"loc":{"start":{"line":176,"column":8},"end":{"line":176,"column":45}},"type":"binary-expr","locations":[{"start":{"line":176,"column":8},"end":{"line":176,"column":23}},{"start":{"line":176,"column":27},"end":{"line":176,"column":45}}]},"26":{"loc":{"start":{"line":186,"column":2},"end":{"line":186,"column":51}},"type":"default-arg","locations":[{"start":{"line":186,"column":49},"end":{"line":186,"column":51}}]},"27":{"loc":{"start":{"line":186,"column":4},"end":{"line":186,"column":20}},"type":"default-arg","locations":[{"start":{"line":186,"column":15},"end":{"line":186,"column":20}}]},"28":{"loc":{"start":{"line":190,"column":4},"end":{"line":199,"column":null}},"type":"if","locations":[{"start":{"line":190,"column":4},"end":{"line":199,"column":null}},{"start":{"line":192,"column":11},"end":{"line":199,"column":null}}]},"29":{"loc":{"start":{"line":190,"column":8},"end":{"line":190,"column":59}},"type":"binary-expr","locations":[{"start":{"line":190,"column":8},"end":{"line":190,"column":33}},{"start":{"line":190,"column":37},"end":{"line":190,"column":59}}]},"30":{"loc":{"start":{"line":192,"column":11},"end":{"line":199,"column":null}},"type":"if","locations":[{"start":{"line":192,"column":11},"end":{"line":199,"column":null}},{"start":{"line":194,"column":11},"end":{"line":199,"column":null}}]},"31":{"loc":{"start":{"line":192,"column":15},"end":{"line":192,"column":40}},"type":"binary-expr","locations":[{"start":{"line":192,"column":15},"end":{"line":192,"column":23}},{"start":{"line":192,"column":27},"end":{"line":192,"column":40}}]},"32":{"loc":{"start":{"line":203,"column":53},"end":{"line":203,"column":72}},"type":"default-arg","locations":[{"start":{"line":203,"column":65},"end":{"line":203,"column":72}}]},"33":{"loc":{"start":{"line":205,"column":4},"end":{"line":211,"column":null}},"type":"if","locations":[{"start":{"line":205,"column":4},"end":{"line":211,"column":null}}]},"34":{"loc":{"start":{"line":206,"column":6},"end":{"line":210,"column":null}},"type":"if","locations":[{"start":{"line":206,"column":6},"end":{"line":210,"column":null}},{"start":{"line":208,"column":13},"end":{"line":210,"column":null}}]},"35":{"loc":{"start":{"line":206,"column":10},"end":{"line":206,"column":47}},"type":"binary-expr","locations":[{"start":{"line":206,"column":10},"end":{"line":206,"column":25}},{"start":{"line":206,"column":29},"end":{"line":206,"column":47}}]},"36":{"loc":{"start":{"line":223,"column":2},"end":{"line":223,"column":84}},"type":"default-arg","locations":[{"start":{"line":223,"column":82},"end":{"line":223,"column":84}}]},"37":{"loc":{"start":{"line":223,"column":4},"end":{"line":223,"column":20}},"type":"default-arg","locations":[{"start":{"line":223,"column":15},"end":{"line":223,"column":20}}]},"38":{"loc":{"start":{"line":223,"column":22},"end":{"line":223,"column":35}},"type":"default-arg","locations":[{"start":{"line":223,"column":31},"end":{"line":223,"column":35}}]},"39":{"loc":{"start":{"line":227,"column":4},"end":{"line":238,"column":null}},"type":"if","locations":[{"start":{"line":227,"column":4},"end":{"line":238,"column":null}},{"start":{"line":229,"column":11},"end":{"line":238,"column":null}}]},"40":{"loc":{"start":{"line":229,"column":11},"end":{"line":238,"column":null}},"type":"if","locations":[{"start":{"line":229,"column":11},"end":{"line":238,"column":null}},{"start":{"line":231,"column":11},"end":{"line":238,"column":null}}]},"41":{"loc":{"start":{"line":231,"column":11},"end":{"line":238,"column":null}},"type":"if","locations":[{"start":{"line":231,"column":11},"end":{"line":238,"column":null}},{"start":{"line":233,"column":11},"end":{"line":238,"column":null}}]},"42":{"loc":{"start":{"line":231,"column":15},"end":{"li
[...]
,"/Users/keshav/metriport/metriport/packages/core/src/util/local-storage.ts": {"path":"/Users/keshav/metriport/metriport/packages/core/src/util/local-storage.ts","statementMap":{"0":{"start":{"line":1,"column":0},"end":{"line":1,"column":53}},"1":{"start":{"line":5,"column":31},"end":{"line":5,"column":62}},"2":{"start":{"line":16,"column":2},"end":{"line":16,"column":32}},"3":{"start":{"line":15,"column":0},"end":{"line":15,"column":16}}},"fnMap":{"0":{"name":"getLocalStorage","decl":{"start":{"line":15,"column":16},"end":{"line":15,"column":31}},"loc":{"start":{"line":15,"column":47},"end":{"line":17,"column":1}}}},"branchMap":{},"s":{"0":2,"1":2,"2":2,"3":2},"f":{"0":2},"b":{}}
,"/Users/keshav/metriport/metriport/packages/core/src/util/log.ts": {"path":"/Users/keshav/metriport/metriport/packages/core/src/util/log.ts","statementMap":{"0":{"start":{"line":1,"column":0},"end":{"line":1,"column":50}},"1":{"start":{"line":2,"column":0},"end":{"line":2,"column":34}},"2":{"start":{"line":3,"column":0},"end":{"line":3,"column":45}},"3":{"start":{"line":11,"column":2},"end":{"line":22,"column":4}},"4":{"start":{"line":12,"column":25},"end":{"line":12,"column":53}},"5":{"start":{"line":14,"column":18},"end":{"line":14,"column":36}},"6":{"start":{"line":15,"column":22},"end":{"line":15,"column":46}},"7":{"start":{"line":17,"column":25},"end":{"line":17,"column":93}},"8":{"start":{"line":17,"column":58},"end":{"line":17,"column":91}},"9":{"start":{"line":18,"column":4},"end":{"line":21,"column":6}},"10":{"start":{"line":10,"column":0},"end":{"line":10,"column":16}},"11":{"start":{"line":26,"column":2},"end":{"line":26,"column":48}},"12":{"start":{"line":26,"column":27},"end":{"line":26,"column":48}},"13":{"start":{"line":27,"column":2},"end":{"line":27,"column":29}},"14":{"start":{"line":25,"column":0},"end":{"line":25,"column":16}},"15":{"start":{"line":31,"column":2},"end":{"line":34,"column":4}},"16":{"start":{"line":30,"column":0},"end":{"line":30,"column":16}}},"fnMap":{"0":{"name":"log","decl":{"start":{"line":10,"column":16},"end":{"line":10,"column":19}},"loc":{"start":{"line":10,"column":52},"end":{"line":23,"column":1}}},"1":{"name":"(anonymous_1)","decl":{"start":{"line":11,"column":9},"end":{"line":11,"column":10}},"loc":{"start":{"line":11,"column":62},"end":{"line":22,"column":3}}},"2":{"name":"(anonymous_2)","decl":{"start":{"line":17,"column":52},"end":{"line":17,"column":53}},"loc":{"start":{"line":17,"column":58},"end":{"line":17,"column":91}}},"3":{"name":"debug","decl":{"start":{"line":25,"column":16},"end":{"line":25,"column":21}},"loc":{"start":{"line":25,"column":54},"end":{"line":28,"column":1}}},"4":{"name":"out","decl":{"start":{"line":30,"column":16},"end":{"line":30,"column":19}},"loc":{"start":{"line":30,"column":52},"end":{"line":35,"column":1}}}},"branchMap":{"0":{"loc":{"start":{"line":12,"column":25},"end":{"line":12,"column":53}},"type":"cond-expr","locations":[{"start":{"line":12,"column":34},"end":{"line":12,"column":48}},{"start":{"line":12,"column":51},"end":{"line":12,"column":53}}]},"1":{"loc":{"start":{"line":15,"column":22},"end":{"line":15,"column":46}},"type":"cond-expr","locations":[{"start":{"line":15,"column":30},"end":{"line":15,"column":41}},{"start":{"line":15,"column":44},"end":{"line":15,"column":46}}]},"2":{"loc":{"start":{"line":17,"column":26},"end":{"line":17,"column":46}},"type":"binary-expr","locations":[{"start":{"line":17,"column":26},"end":{"line":17,"column":40}},{"start":{"line":17,"column":44},"end":{"line":17,"column":46}}]},"3":{"loc":{"start":{"line":17,"column":58},"end":{"line":17,"column":91}},"type":"cond-expr","locations":[{"start":{"line":17,"column":84},"end":{"line":17,"column":87}},{"start":{"line":17,"column":90},"end":{"line":17,"column":91}}]},"4":{"loc":{"start":{"line":20,"column":31},"end":{"line":20,"column":53}},"type":"cond-expr","locations":[{"start":{"line":20,"column":40},"end":{"line":20,"column":48}},{"start":{"line":20,"column":51},"end":{"line":20,"column":53}}]},"5":{"loc":{"start":{"line":26,"column":2},"end":{"line":26,"column":48}},"type":"if","locations":[{"start":{"line":26,"column":2},"end":{"line":26,"column":48}}]}},"s":{"0":2,"1":2,"2":2,"3":12,"4":2,"5":2,"6":2,"7":2,"8":0,"9":2,"10":2,"11":6,"12":0,"13":6,"14":2,"15":6,"16":2},"f":{"0":12,"1":2,"2":0,"3":6,"4":6},"b":{"0":[2,0],"1":[0,2],"2":[2,0],"3":[0,0],"4":[0,2],"5":[0]}}
,"/Users/keshav/metriport/metriport/packages/core/src/util/notifications.ts": {"path":"/Users/keshav/metriport/metriport/packages/core/src/util/notifications.ts","statementMap":{"0":{"start":{"line":1,"column":0},"end":{"line":1,"column":39}},"1":{"start":{"line":3,"column":0},"end":{"line":3,"column":44}},"2":{"start":{"line":4,"column":0},"end":{"line":4,"column":null}},"3":{"start":{"line":10,"column":0},"end":{"line":10,"column":57}},"4":{"start":{"line":15,"column":2},"end":{"line":15,"column":40}},"5":{"start":{"line":14,"column":0},"end":{"line":14,"column":7}},"6":{"start":{"line":19,"column":2},"end":{"line":19,"column":33}},"7":{"start":{"line":18,"column":0},"end":{"line":18,"column":7}},"8":{"start":{"line":29,"column":13},"end":{"line":82,"column":2}},"9":{"start":{"line":31,"column":4},"end":{"line":31,"column":25}},"10":{"start":{"line":35,"column":4},"end":{"line":37,"column":7}},"11":{"start":{"line":36,"column":6},"end":{"line":36,"column":34}},"12":{"start":{"line":51,"column":4},"end":{"line":56,"column":null}},"13":{"start":{"line":52,"column":6},"end":{"line":55,"column":9}},"14":{"start":{"line":57,"column":18},"end":{"line":57,"column":70}},"15":{"start":{"line":58,"column":4},"end":{"line":62,"column":7}},"16":{"start":{"line":76,"column":18},"end":{"line":76,"column":70}},"17":{"start":{"line":77,"column":4},"end":{"line":80,"column":7}},"18":{"start":{"line":85,"column":2},"end":{"line":91,"column":4}},"19":{"start":{"line":86,"column":28},"end":{"line":89,"column":6}},"20":{"start":{"line":84,"column":0},"end":{"line":84,"column":16}}},"fnMap":{"0":{"name":"sendNotification","decl":{"start":{"line":14,"column":22},"end":{"line":14,"column":38}},"loc":{"start":{"line":14,"column":74},"end":{"line":16,"column":1}}},"1":{"name":"sendAlert","decl":{"start":{"line":18,"column":22},"end":{"line":18,"column":31}},"loc":{"start":{"line":18,"column":67},"end":{"line":20,"column":1}}},"2":{"name":"(anonymous_9)","decl":{"start":{"line":30,"column":11},"end":{"line":30,"column":12}},"loc":{"start":{"line":30,"column":36},"end":{"line":32,"column":3}}},"3":{"name":"(anonymous_10)","decl":{"start":{"line":34,"column":12},"end":{"line":34,"column":13}},"loc":{"start":{"line":34,"column":53},"end":{"line":38,"column":3}}},"4":{"name":"(anonymous_11)","decl":{"start":{"line":35,"column":34},"end":{"line":35,"column":35}},"loc":{"start":{"line":35,"column":51},"end":{"line":37,"column":5}}},"5":{"name":"(anonymous_12)","decl":{"start":{"line":50,"column":9},"end":{"line":50,"column":10}},"loc":{"start":{"line":50,"column":76},"end":{"line":63,"column":3}}},"6":{"name":"(anonymous_13)","decl":{"start":{"line":75,"column":11},"end":{"line":75,"column":12}},"loc":{"start":{"line":75,"column":79},"end":{"line":81,"column":3}}},"7":{"name":"stringifyExtra","decl":{"start":{"line":84,"column":16},"end":{"line":84,"column":30}},"loc":{"start":{"line":84,"column":68},"end":{"line":92,"column":1}}},"8":{"name":"(anonymous_15)","decl":{"start":{"line":86,"column":4},"end":{"line":86,"column":5}},"loc":{"start":{"line":86,"column":28},"end":{"line":89,"column":6}}}},"branchMap":{"0":{"loc":{"start":{"line":51,"column":4},"end":{"line":56,"column":null}},"type":"if","locations":[{"start":{"line":51,"column":4},"end":{"line":56,"column":null}}]},"1":{"loc":{"start":{"line":54,"column":15},"end":{"line":54,"column":47}},"type":"binary-expr","locations":[{"start":{"line":54,"column":15},"end":{"line":54,"column":36}},{"start":{"line":54,"column":40},"end":{"line":54,"column":47}}]},"2":{"loc":{"start":{"line":57,"column":18},"end":{"line":57,"column":70}},"type":"cond-expr","locations":[{"start":{"line":57,"column":35},"end":{"line":57,"column":65}},{"start":{"line":57,"column":68},"end":{"line":57,"column":70}}]},"3":{"loc":{"start":{"line":61,"column":10},"end":{"line":61,"column":69}},"type":"cond-expr","locations":[{"start":{"line":61,"column":44},"end":{"line":61,"column":64}},{"start":{"line":61,"column":67},"end":{"line":61,"column":69}}]},"4":{"loc":{"start":{"line":76,"column":18},"end":{"line":76,"column":70}},"type":"cond-expr","locations":[{"start":{"line":76,"column":35},"end":{"line":76,"column":65}},{"start":{"line":76,"column":68},"end":{"line":76,"column":70}}]},"5":{"loc":{"start":{"line":85,"column":24},"end":{"line":85,"column":50}},"type":"binary-expr","locations":[{"start":{"line":85,"column":24},"end":{"line":85,"column":44}},{"start":{"line":85,"column":48},"end":{"line":85,"column":50}}]},"6":{"loc":{"start":{"line":88,"column":13},"end":{"line":88,"column":74}},"type":"cond-expr","locations":[{"start":{"line":88,"column":41},"end":{"line":88,"column":46}},{"start":{"line":88,"column":49},"end":{"line":88,"column":74}}]}},"s":{"0":2,"1":2,"2":2,"3":2,"4":0,"5":2,"6":0,"7":2,"8":2,"9":0,"10":0,"11":0,"12":0,"13":0,"14":0,"15":0,"16":0,"17":0,"18":0,"19":0,"20":2},"f":{"0":0,"1":0,"2":0,"3":0,"4":0,"5":0,"6":0,"7":0,"8":0},"b":{"0":[0],"1":[0,0],"2":[0,0],"3":[0,0],"4":[0,0],"5":[0,0],"6":[0,0]}}
,"/Users/keshav/metriport/metriport/packages/core/src/util/request.ts": {"path":"/Users/keshav/metriport/metriport/packages/core/src/util/request.ts","statementMap":{"0":{"start":{"line":1,"column":0},"end":{"line":1,"column":50}},"1":{"start":{"line":4,"column":28},"end":{"line":4,"column":52}},"2":{"start":{"line":5,"column":16},"end":{"line":5,"column":44}},"3":{"start":{"line":6,"column":2},"end":{"line":6,"column":28}},"4":{"start":{"line":3,"column":0},"end":{"line":3,"column":16}},"5":{"start":{"line":10,"column":16},"end":{"line":10,"column":34}},"6":{"start":{"line":11,"column":2},"end":{"line":11,"column":75}},"7":{"start":{"line":11,"column":14},"end":{"line":11,"column":75}},"8":{"start":{"line":12,"column":2},"end":{"line":12,"column":15}},"9":{"start":{"line":9,"column":0},"end":{"line":9,"column":16}}},"fnMap":{"0":{"name":"getRequestIdSafe","decl":{"start":{"line":3,"column":16},"end":{"line":3,"column":32}},"loc":{"start":{"line":3,"column":32},"end":{"line":7,"column":1}}},"1":{"name":"getRequestId","decl":{"start":{"line":9,"column":16},"end":{"line":9,"column":28}},"loc":{"start":{"line":9,"column":28},"end":{"line":13,"column":1}}}},"branchMap":{"0":{"loc":{"start":{"line":6,"column":9},"end":{"line":6,"column":27}},"type":"binary-expr","locations":[{"start":{"line":6,"column":9},"end":{"line":6,"column":14}},{"start":{"line":6,"column":18},"end":{"line":6,"column":27}}]},"1":{"loc":{"start":{"line":11,"column":2},"end":{"line":11,"column":75}},"type":"if","locations":[{"start":{"line":11,"column":2},"end":{"line":11,"column":75}}]}},"s":{"0":2,"1":2,"2":2,"3":2,"4":2,"5":0,"6":0,"7":0,"8":0,"9":2},"f":{"0":2,"1":0},"b":{"0":[2,2],"1":[0]}}
,"/Users/keshav/metriport/metriport/packages/core/src/util/sleep.ts": {"path":"/Users/keshav/metriport/metriport/packages/core/src/util/sleep.ts","statementMap":{"0":{"start":{"line":5,"column":2},"end":{"line":5,"column":63}},"1":{"start":{"line":5,"column":32},"end":{"line":5,"column":61}},"2":{"start":{"line":4,"column":0},"end":{"line":4,"column":16}}},"fnMap":{"0":{"name":"sleep","decl":{"start":{"line":4,"column":16},"end":{"line":4,"column":21}},"loc":{"start":{"line":4,"column":38},"end":{"line":6,"column":1}}},"1":{"name":"(anonymous_1)","decl":{"start":{"line":5,"column":21},"end":{"line":5,"column":28}},"loc":{"start":{"line":5,"column":32},"end":{"line":5,"column":61}}}},"branchMap":{},"s":{"0":1,"1":1,"2":2},"f":{"0":1,"1":1},"b":{}}
,"/Users/keshav/metriport/metriport/packages/core/src/util/error/metriport-error.ts": {"path":"/Users/keshav/metriport/metriport/packages/core/src/util/error/metriport-error.ts","statementMap":{"0":{"start":{"line":1,"column":0},"end":{"line":1,"column":33}},"1":{"start":{"line":14,"column":4},"end":{"line":14,"column":19}},"2":{"start":{"line":13,"column":40},"end":{"line":13,"column":55}},"3":{"start":{"line":13,"column":66},"end":{"line":13,"column":97}},"4":{"start":{"line":12,"column":2},"end":{"line":12,"column":48}},"5":{"start":{"line":15,"column":4},"end":{"line":15,"column":23}},"6":{"start":{"line":11,"column":0},"end":{"line":11,"column":13}}},"fnMap":{"0":{"name":"(anonymous_1)","decl":{"start":{"line":13,"column":2},"end":{"line":13,"column":14}},"loc":{"start":{"line":13,"column":97},"end":{"line":16,"column":3}}}},"branchMap":{},"s":{"0":2,"1":0,"2":0,"3":0,"4":0,"5":0,"6":2},"f":{"0":0},"b":{}}
,"/Users/keshav/metriport/metriport/packages/core/src/util/error/shared.ts": {"path":"/Users/keshav/metriport/metriport/packages/core/src/util/error/shared.ts","statementMap":{"0":{"start":{"line":1,"column":0},"end":{"line":1,"column":67}},"1":{"start":{"line":2,"column":0},"end":{"line":2,"column":36}},"2":{"start":{"line":3,"column":0},"end":{"line":3,"column":29}},"3":{"start":{"line":4,"column":0},"end":{"line":4,"column":43}},"4":{"start":{"line":18,"column":2},"end":{"line":20,"column":null}},"5":{"start":{"line":19,"column":4},"end":{"line":19,"column":38}},"6":{"start":{"line":21,"column":2},"end":{"line":21,"column":35}},"7":{"start":{"line":14,"column":0},"end":{"line":14,"column":16}},"8":{"start":{"line":28,"column":2},"end":{"line":28,"column":48}},"9":{"start":{"line":27,"column":0},"end":{"line":27,"column":16}},"10":{"start":{"line":36,"column":27},"end":{"line":36,"column":38}},"11":{"start":{"line":38,"column":25},"end":{"line":40,"column":15}},"12":{"start":{"line":41,"column":23},"end":{"line":41,"column":79}},"13":{"start":{"line":42,"column":2},"end":{"line":46,"column":4}},"14":{"start":{"line":35,"column":0},"end":{"line":35,"column":16}},"15":{"start":{"line":53,"column":2},"end":{"line":53,"column":30}},"16":{"start":{"line":52,"column":0},"end":{"line":52,"column":16}},"17":{"start":{"line":61,"column":2},"end":{"line":61,"column":28}},"18":{"start":{"line":61,"column":12},"end":{"line":61,"column":28}},"19":{"start":{"line":62,"column":2},"end":{"line":67,"column":4}},"20":{"start":{"line":64,"column":4},"end":{"line":64,"column":46}},"21":{"start":{"line":65,"column":4},"end":{"line":65,"column":83}},"22":{"start":{"line":65,"column":76},"end":{"line":65,"column":83}},"23":{"start":{"line":66,"column":4},"end":{"line":66,"column":83}},"24":{"start":{"line":56,"column":0},"end":{"line":56,"column":16}}},"fnMap":{"0":{"name":"errorToString","decl":{"start":{"line":14,"column":16},"end":{"line":14,"column":29}},"loc":{"start":{"line":16,"column":52},"end":{"line":22,"column":1}}},"1":{"name":"genericErrorToString","decl":{"start":{"line":27,"column":16},"end":{"line":27,"column":36}},"loc":{"start":{"line":27,"column":49},"end":{"line":29,"column":1}}},"2":{"name":"detailedErrorToString","decl":{"start":{"line":35,"column":16},"end":{"line":35,"column":37}},"loc":{"start":{"line":35,"column":46},"end":{"line":47,"column":1}}},"3":{"name":"getErrorMessage","decl":{"start":{"line":52,"column":16},"end":{"line":52,"column":31}},"loc":{"start":{"line":52,"column":46},"end":{"line":54,"column":1}}},"4":{"name":"processAsyncError","decl":{"start":{"line":56,"column":16},"end":{"line":56,"column":33}},"loc":{"start":{"line":59,"column":23},"end":{"line":68,"column":1}}},"5":{"name":"(anonymous_5)","decl":{"start":{"line":62,"column":9},"end":{"line":62,"column":10}},"loc":{"start":{"line":62,"column":28},"end":{"line":67,"column":3}}}},"branchMap":{"0":{"loc":{"start":{"line":16,"column":2},"end":{"line":16,"column":52}},"type":"default-arg","locations":[{"start":{"line":16,"column":34},"end":{"line":16,"column":52}}]},"1":{"loc":{"start":{"line":18,"column":2},"end":{"line":20,"column":null}},"type":"if","locations":[{"start":{"line":18,"column":2},"end":{"line":20,"column":null}}]},"2":{"loc":{"start":{"line":28,"column":10},"end":{"line":28,"column":47}},"type":"binary-expr","locations":[{"start":{"line":28,"column":10},"end":{"line":28,"column":32}},{"start":{"line":28,"column":36},"end":{"line":28,"column":47}}]},"3":{"loc":{"start":{"line":38,"column":25},"end":{"line":40,"column":15}},"type":"cond-expr","locations":[{"start":{"line":39,"column":6},"end":{"line":39,"column":76}},{"start":{"line":40,"column":6},"end":{"line":40,"column":15}}]},"4":{"loc":{"start":{"line":41,"column":23},"end":{"line":41,"column":79}},"type":"cond-expr","locations":[{"start":{"line":41,"column":35},"end":{"line":41,"column":67}},{"start":{"line":41,"column":70},"end":{"line":41,"column":79}}]},"5":{"loc":{"start":{"line":44,"column":7},"end":{"line":44,"column":51}},"type":"cond-expr","locations":[{"start":{"line":44,"column":24},"end":{"line":44,"column":46}},{"start":{"line":44,"column":49},"end":{"line":44,"column":51}}]},"6":{"loc":{"start":{"line":45,"column":7},"end":{"line":45,"column":56}},"type":"cond-expr","locations":[{"start":{"line":45,"column":22},"end":{"line":45,"column":51}},{"start":{"line":45,"column":54},"end":{"line":45,"column":56}}]},"7":{"loc":{"start":{"line":59,"column":2},"end":{"line":59,"column":23}},"type":"default-arg","locations":[{"start":{"line":59,"column":18},"end":{"line":59,"column":23}}]},"8":{"loc":{"start":{"line":61,"column":2},"end":{"line":61,"column":28}},"type":"if","locations":[{"start":{"line":61,"column":2},"end":{"line":61,"column":28}}]},"9":{"loc":{"start":{"line":65,"column":4},"end":{"line":65,"column":83}},"type":"if","locations":[{"start":{"line":65,"column":4},"end":{"line":65,"column":83}}]},"10":{"loc":{"start":{"line":65,"column":8},"end":{"line":65,"column":74}},"type":"binary-expr","locations":[{"start":{"line":65,"column":8},"end":{"line":65,"column":40}},{"start":{"line":65,"column":44},"end":{"line":65,"column":74}}]},"11":{"loc":{"start":{"line":66,"column":18},"end":{"line":66,"column":45}},"type":"cond-expr","locations":[{"start":{"line":66,"column":34},"end":{"line":66,"column":37}},{"start":{"line":66,"column":40},"end":{"line":66,"column":45}}]}},"s":{"0":2,"1":2,"2":2,"3":2,"4":0,"5":0,"6":0,"7":2,"8":0,"9":2,"10":0,"11":0,"12":0,"13":0,"14":2,"15":0,"16":2,"17":0,"18":0,"19":0,"20":0,"21":0,"22":0,"23":0,"24":2},"f":{"0":0,"1":0,"2":0,"3":0,"4":0,"5":0},"b":{"0":[0],"1":[0],"2":[0,0],"3":[0,0],"4":[0,0],"5":[0,0],"6":[0,0],"7":[0],"8":[0],"9":[0],"10":[0,0],"11":[0,0]}}
}
