TN:
SF:src/external/aws/s3.ts
FN:94,executeWithRetriesS3
FN:104,(anonymous_8)
FN:116,makeS3Client
FN:128,getSignedUrl
FN:147,(anonymous_11)
FN:155,(anonymous_12)
FN:159,(anonymous_13)
FN:163,(anonymous_14)
FN:172,(anonymous_15)
FN:174,(anonymous_16)
FN:186,(anonymous_17)
FN:190,(anonymous_18)
FN:192,(anonymous_19)
FN:193,(anonymous_20)
FN:194,(anonymous_21)
FN:195,(anonymous_22)
FN:199,(anonymous_23)
FN:224,(anonymous_24)
FN:252,(anonymous_25)
FN:263,(anonymous_26)
FN:272,(anonymous_27)
FN:304,(anonymous_28)
FN:322,(anonymous_29)
FN:333,(anonymous_30)
FN:354,(anonymous_31)
FN:370,(anonymous_32)
FN:378,(anonymous_33)
FN:391,(anonymous_34)
FN:419,(anonymous_35)
FN:426,(anonymous_36)
FN:443,(anonymous_37)
FN:460,(anonymous_38)
FN:470,(anonymous_39)
FN:487,(anonymous_40)
FN:505,(anonymous_41)
FN:511,(anonymous_42)
FN:520,(anonymous_43)
FN:526,(anonymous_44)
FN:534,(anonymous_45)
FN:538,(anonymous_46)
FN:542,(anonymous_47)
FN:550,(anonymous_48)
FN:554,(anonymous_49)
FN:572,splitS3Location
FN:584,returnUndefinedOn404
FN:594,hydrateErrors
FN:611,isNotFoundError
FN:621,isRetriableError
FN:625,(anonymous_55)
FN:632,storeInS3WithRetries
FN:643,(anonymous_57)
FNF:51
FNH:14
FNDA:6,executeWithRetriesS3
FNDA:6,(anonymous_8)
FNDA:2,makeS3Client
FNDA:0,getSignedUrl
FNDA:2,(anonymous_11)
FNDA:1,(anonymous_12)
FNDA:0,(anonymous_13)
FNDA:0,(anonymous_14)
FNDA:0,(anonymous_15)
FNDA:0,(anonymous_16)
FNDA:0,(anonymous_17)
FNDA:0,(anonymous_18)
FNDA:0,(anonymous_19)
FNDA:0,(anonymous_20)
FNDA:0,(anonymous_21)
FNDA:0,(anonymous_22)
FNDA:1,(anonymous_23)
FNDA:1,(anonymous_24)
FNDA:1,(anonymous_25)
FNDA:0,(anonymous_26)
FNDA:0,(anonymous_27)
FNDA:0,(anonymous_28)
FNDA:0,(anonymous_29)
FNDA:0,(anonymous_30)
FNDA:0,(anonymous_31)
FNDA:0,(anonymous_32)
FNDA:0,(anonymous_33)
FNDA:0,(anonymous_34)
FNDA:0,(anonymous_35)
FNDA:0,(anonymous_36)
FNDA:0,(anonymous_37)
FNDA:0,(anonymous_38)
FNDA:1,(anonymous_39)
FNDA:1,(anonymous_40)
FNDA:3,(anonymous_41)
FNDA:3,(anonymous_42)
FNDA:0,(anonymous_43)
FNDA:0,(anonymous_44)
FNDA:0,(anonymous_45)
FNDA:0,(anonymous_46)
FNDA:0,(anonymous_47)
FNDA:1,(anonymous_48)
FNDA:1,(anonymous_49)
FNDA:0,splitS3Location
FNDA:0,returnUndefinedOn404
FNDA:0,hydrateErrors
FNDA:0,isNotFoundError
FNDA:0,isRetriableError
FNDA:0,(anonymous_55)
FNDA:0,storeInS3WithRetries
FNDA:0,(anonymous_57)
DA:1,1
DA:8,1
DA:9,1
DA:17,1
DA:18,1
DA:19,1
DA:20,1
DA:21,1
DA:22,1
DA:23,1
DA:25,1
DA:27,1
DA:28,1
DA:29,1
DA:33,1
DA:94,1
DA:98,6
DA:99,6
DA:105,6
DA:106,0
DA:107,0
DA:108,0
DA:116,1
DA:117,2
DA:128,1
DA:137,0
DA:140,1
DA:147,2
DA:148,2
DA:149,2
DA:156,1
DA:160,0
DA:168,0
DA:169,0
DA:173,0
DA:175,0
DA:176,0
DA:187,0
DA:191,0
DA:192,0
DA:193,0
DA:194,0
DA:195,0
DA:222,1
DA:223,1
DA:225,1
DA:235,1
DA:246,0
DA:253,1
DA:254,1
DA:255,1
DA:257,0
DA:272,0
DA:273,0
DA:280,0
DA:281,0
DA:283,0
DA:284,0
DA:285,0
DA:288,0
DA:307,0
DA:308,0
DA:309,0
DA:310,0
DA:311,0
DA:318,0
DA:333,0
DA:334,0
DA:365,0
DA:370,0
DA:371,0
DA:375,0
DA:379,0
DA:397,0
DA:399,0
DA:400,0
DA:403,0
DA:406,0
DA:407,0
DA:412,0
DA:419,0
DA:421,0
DA:422,0
DA:426,0
DA:428,0
DA:429,0
DA:430,0
DA:431,0
DA:440,0
DA:454,0
DA:455,0
DA:460,0
DA:477,1
DA:483,1
DA:484,0
DA:486,1
DA:487,1
DA:488,1
DA:491,1
DA:499,0
DA:500,0
DA:501,0
DA:506,3
DA:510,3
DA:511,3
DA:512,3
DA:514,0
DA:515,0
DA:516,0
DA:521,0
DA:525,0
DA:526,0
DA:528,0
DA:529,0
DA:530,0
DA:535,0
DA:538,0
DA:541,0
DA:542,0
DA:544,0
DA:545,0
DA:546,0
DA:551,1
DA:553,1
DA:554,1
DA:555,1
DA:563,1
DA:564,1
DA:566,1
DA:568,1
DA:572,1
DA:574,0
DA:575,0
DA:576,0
DA:577,0
DA:578,0
DA:579,0
DA:580,0
DA:581,0
DA:584,1
DA:585,0
DA:586,0
DA:589,0
DA:590,0
DA:594,1
DA:599,0
DA:600,0
DA:603,0
DA:604,0
DA:606,0
DA:611,1
DA:612,0
DA:621,1
DA:622,0
DA:623,0
DA:625,0
DA:627,0
DA:629,0
DA:632,1
DA:641,0
DA:642,0
DA:644,0
DA:658,0
DA:659,0
DA:661,0
DA:662,0
DA:672,0
LF:167
LH:58
BRDA:98,0,0,6
BRDA:98,0,1,5
BRDA:105,1,0,6
BRDA:106,2,0,0
BRDA:107,3,0,0
BRDA:237,4,0,1
BRDA:237,4,1,0
BRDA:240,5,0,1
BRDA:240,5,1,0
BRDA:241,6,0,1
BRDA:241,6,1,0
BRDA:253,7,0,1
BRDA:281,8,0,0
BRDA:284,9,0,0
BRDA:284,10,0,0
BRDA:284,10,1,0
BRDA:307,11,0,0
BRDA:307,11,1,0
BRDA:309,12,0,0
BRDA:314,13,0,0
BRDA:314,13,1,0
BRDA:315,14,0,0
BRDA:315,14,1,0
BRDA:337,15,0,0
BRDA:337,15,1,0
BRDA:338,16,0,0
BRDA:338,16,1,0
BRDA:358,17,0,0
BRDA:372,18,0,0
BRDA:372,18,1,0
BRDA:406,19,0,0
BRDA:481,20,0,0
BRDA:481,20,1,1
BRDA:483,21,0,0
BRDA:559,22,0,0
BRDA:559,22,1,1
BRDA:563,23,0,1
BRDA:574,24,0,0
BRDA:576,25,0,0
BRDA:577,26,0,0
BRDA:577,27,0,0
BRDA:577,27,1,0
BRDA:579,28,0,0
BRDA:589,29,0,0
BRDA:603,30,0,0
BRDA:613,31,0,0
BRDA:613,31,1,0
BRDA:613,31,2,0
BRDA:613,31,3,0
BRDA:623,32,0,0
BRDA:624,33,0,0
BRDA:624,33,1,0
BRDA:624,33,2,0
BRDA:624,33,3,0
BRDA:629,34,0,0
BRDA:629,34,1,0
BRDA:658,35,0,0
BRDA:658,35,1,0
BRDA:661,36,0,0
BRF:59
BRH:10
end_of_record
TN:
SF:src/external/quest/codes.ts
FN:20,(anonymous_0)
FNF:1
FNH:1
FNDA:1,(anonymous_0)
DA:1,1
DA:4,1
DA:7,1
DA:10,1
DA:20,1
DA:21,1
DA:22,1
DA:23,1
DA:26,1
DA:35,1
LF:10
LH:10
BRDA:20,0,0,1
BRDA:20,0,1,1
BRF:2
BRH:2
end_of_record
TN:
SF:src/external/quest/id-generator.ts
FN:12,buildQuestExternalId
FNF:1
FNH:1
FNDA:1001,buildQuestExternalId
DA:1,1
DA:2,1
DA:3,1
DA:12,1
DA:13,1001
DA:14,1001
DA:15,15015
DA:16,15015
DA:18,1001
LF:9
LH:9
BRF:0
BRH:0
end_of_record
TN:
SF:src/external/quest/replica.ts
FN:13,(anonymous_1)
FN:27,(anonymous_2)
FN:41,(anonymous_3)
FNF:3
FNH:3
FNDA:1,(anonymous_1)
FNDA:1,(anonymous_2)
FNDA:1,(anonymous_3)
DA:1,1
DA:2,1
DA:3,1
DA:4,1
DA:8,1
DA:10,1
DA:14,1
DA:19,1
DA:20,0
DA:23,1
DA:24,1
DA:28,1
DA:29,1
DA:30,1
DA:31,3
DA:32,3
DA:33,3
DA:38,1
DA:42,1
LF:19
LH:18
BRDA:13,0,0,0
BRDA:15,1,0,1
BRDA:15,1,1,0
BRDA:15,1,2,0
BRDA:16,2,0,1
BRDA:16,2,1,0
BRDA:19,3,0,0
BRDA:23,4,0,1
BRDA:23,4,1,0
BRF:9
BRH:3
end_of_record
TN:
SF:src/external/quest/source-document.ts
FN:19,uploadSourceDocuments
FN:27,(anonymous_1)
FN:47,splitAllResponseFilesIntoSourceDocuments
FN:63,splitResponseFileIntoSourceDocuments
FN:81,groupRowsByPatientId
FN:97,createSourceDocument
FN:108,(anonymous_6)
FNF:7
FNH:6
FNDA:1,uploadSourceDocuments
FNDA:1,(anonymous_1)
FNDA:0,splitAllResponseFilesIntoSourceDocuments
FNDA:1,splitResponseFileIntoSourceDocuments
FNDA:1,groupRowsByPatientId
FNDA:1,createSourceDocument
FNDA:1,(anonymous_6)
DA:2,2
DA:3,2
DA:4,2
DA:8,2
DA:9,2
DA:14,2
DA:19,2
DA:23,1
DA:24,1
DA:25,1
DA:28,1
DA:29,1
DA:31,0
DA:32,0
DA:40,1
DA:47,2
DA:50,0
DA:51,0
DA:52,0
DA:53,0
DA:54,0
DA:55,0
DA:57,0
DA:63,2
DA:66,1
DA:67,1
DA:70,1
DA:71,1
DA:72,1
DA:73,1
DA:75,1
DA:82,1
DA:83,1
DA:84,1
DA:85,1
DA:86,0
DA:88,1
DA:91,1
DA:106,1
DA:107,1
DA:108,1
DA:109,1
DA:110,1
LF:43
LH:33
BRDA:85,0,0,0
BRDA:85,0,1,1
BRF:2
BRH:1
end_of_record
TN:
SF:src/external/quest/__tests__/shared.ts
FN:6,getArtifact
FNF:1
FNH:1
FNDA:6,getArtifact
DA:1,4
DA:2,4
DA:4,4
DA:6,4
DA:7,6
LF:5
LH:5
BRF:0
BRH:0
end_of_record
TN:
SF:src/external/quest/file/constants.ts
FNF:0
FNH:0
DA:1,2
LF:1
LH:1
BRF:0
BRH:0
end_of_record
TN:
SF:src/external/quest/file/file-generator.ts
FN:16,buildRosterFile
FN:23,buildRosterHeader
FN:31,buildRosterTable
FN:33,(anonymous_3)
FN:46,buildPatientRow
FN:86,buildRosterFooter
FN:94,buildQuestRequestRow
FN:105,(anonymous_7)
FNF:8
FNH:8
FNDA:1,buildRosterFile
FNDA:1,buildRosterHeader
FNDA:1,buildRosterTable
FNDA:2,(anonymous_3)
FNDA:2,buildPatientRow
FNDA:1,buildRosterFooter
FNDA:4,buildQuestRequestRow
FNDA:84,(anonymous_7)
DA:3,1
DA:4,1
DA:5,1
DA:6,1
DA:16,1
DA:17,1
DA:18,1
DA:19,1
DA:20,1
DA:24,1
DA:32,1
DA:33,1
DA:35,2
DA:36,2
DA:37,2
DA:38,2
DA:40,0
DA:42,1
DA:43,1
DA:47,2
DA:48,0
DA:50,2
DA:51,2
DA:53,2
DA:54,2
DA:55,2
DA:56,2
DA:57,0
DA:59,2
DA:87,1
DA:94,1
DA:99,4
DA:100,4
DA:101,0
DA:105,84
DA:106,4
DA:107,4
LF:37
LH:33
BRDA:36,0,0,2
BRDA:47,1,0,0
BRDA:56,2,0,0
BRDA:56,3,0,2
BRDA:56,3,1,2
BRDA:56,3,2,2
BRDA:56,3,3,2
BRDA:56,3,4,2
BRDA:100,4,0,0
BRF:9
BRH:6
end_of_record
TN:
SF:src/external/quest/file/file-names.ts
FN:8,buildRosterFileName
FN:17,parseResponseFileName
FN:42,buildSourceDocumentFileName
FN:52,buildPatientLabConversionPrefix
FN:62,buildLatestConversionFileName
FN:66,buildLabConversionFileNameForDate
FNF:6
FNH:6
FNDA:1,buildRosterFileName
FNDA:8,parseResponseFileName
FNDA:2,buildSourceDocumentFileName
FNDA:1,buildPatientLabConversionPrefix
FNDA:1,buildLatestConversionFileName
FNDA:1,buildLabConversionFileNameForDate
DA:1,3
DA:2,3
DA:4,3
DA:5,3
DA:6,3
DA:8,3
DA:9,1
DA:10,1
DA:17,3
DA:18,8
DA:19,3
DA:24,5
DA:29,5
DA:30,3
DA:37,2
DA:42,3
DA:49,2
DA:52,3
DA:59,1
DA:62,3
DA:63,1
DA:66,3
DA:75,1
LF:23
LH:23
BRDA:18,0,0,3
BRDA:18,1,0,8
BRDA:18,1,1,6
BRDA:29,2,0,3
BRF:4
BRH:4
end_of_record
TN:
SF:src/external/quest/file/file-parser.ts
FN:7,(anonymous_0)
FN:12,(anonymous_1)
FN:18,parseResponseFile
FN:23,(anonymous_3)
FN:32,(anonymous_4)
FNF:5
FNH:5
FNDA:183,(anonymous_0)
FNDA:183,(anonymous_1)
FNDA:3,parseResponseFile
FNDA:7,(anonymous_3)
FNDA:244,(anonymous_4)
DA:1,3
DA:2,3
DA:6,3
DA:7,183
DA:11,3
DA:12,183
DA:18,3
DA:19,3
DA:20,3
DA:23,7
DA:24,3
DA:25,3
DA:26,3
DA:28,3
DA:29,4
DA:30,4
DA:31,4
DA:33,244
DA:34,244
DA:35,0
DA:39,244
DA:40,244
DA:41,0
DA:45,244
DA:46,244
DA:49,4
DA:50,4
DA:51,4
DA:56,0
DA:61,0
DA:67,3
LF:31
LH:27
BRDA:25,0,0,0
BRDA:30,1,0,4
BRDA:30,1,1,0
BRDA:34,2,0,0
BRDA:40,3,0,0
BRDA:45,4,0,244
BRDA:45,4,1,0
BRDA:50,5,0,4
BRDA:50,5,1,0
BRF:9
BRH:3
end_of_record
TN:
SF:src/external/quest/schema/request.ts
FNF:0
FNH:0
DA:1,1
DA:2,1
DA:10,1
DA:12,1
DA:20,1
DA:82,1
DA:122,1
DA:335,1
DA:342,1
LF:9
LH:9
BRF:0
BRH:0
end_of_record
TN:
SF:src/external/quest/schema/response.ts
FN:29,isResponseHeader
FN:102,isResponseDetail
FN:560,isResponseFooter
FNF:3
FNH:0
FNDA:0,isResponseHeader
FNDA:0,isResponseDetail
FNDA:0,isResponseFooter
DA:1,3
DA:2,3
DA:9,3
DA:13,3
DA:19,3
DA:29,3
DA:30,0
DA:33,3
DA:102,3
DA:103,0
DA:106,3
DA:536,3
DA:543,3
DA:560,3
DA:561,0
DA:564,3
LF:16
LH:13
BRF:0
BRH:0
end_of_record
TN:
SF:src/external/quest/schema/shared.ts
FN:88,fillEmptyByteLength
FN:92,fillByteLength
FN:97,toQuestEnum
FN:102,(anonymous_3)
FN:117,fromQuestEnum
FN:122,(anonymous_5)
FN:136,toQuestUnused
FN:137,(anonymous_7)
FN:142,toQuestString
FN:146,(anonymous_9)
FN:174,fromQuestString
FN:175,(anonymous_11)
FN:184,toQuestInteger
FN:188,(anonymous_13)
FN:203,fromQuestDate
FN:204,(anonymous_15)
FN:221,toQuestDate
FN:225,(anonymous_17)
FN:242,fromQuestInteger
FN:243,(anonymous_19)
FNF:20
FNH:20
FNDA:12,fillEmptyByteLength
FNDA:89,fillByteLength
FNDA:8,toQuestEnum
FNDA:11,(anonymous_3)
FNDA:9,fromQuestEnum
FNDA:3,(anonymous_5)
FNDA:10,toQuestUnused
FNDA:10,(anonymous_7)
FNDA:38,toQuestString
FNDA:69,(anonymous_9)
FNDA:179,fromQuestString
FNDA:238,(anonymous_11)
FNDA:4,toQuestInteger
FNDA:4,(anonymous_13)
FNDA:9,fromQuestDate
FNDA:11,(anonymous_15)
FNDA:6,toQuestDate
FNDA:7,(anonymous_17)
FNDA:7,fromQuestInteger
FNDA:4,(anonymous_19)
DA:1,5
DA:2,5
DA:89,12
DA:93,89
DA:94,89
DA:97,5
DA:102,8
DA:103,11
DA:104,11
DA:105,9
DA:106,2
DA:107,1
DA:109,1
DA:117,5
DA:121,9
DA:122,9
DA:123,3
DA:124,1
DA:125,2
DA:126,1
DA:128,1
DA:136,5
DA:137,10
DA:138,10
DA:142,5
DA:146,38
DA:147,69
DA:148,69
DA:149,33
DA:150,1
DA:152,32
DA:153,2
DA:154,1
DA:156,1
DA:162,30
DA:163,36
DA:164,35
DA:166,1
DA:174,5
DA:175,179
DA:176,238
DA:177,82
DA:179,156
DA:184,5
DA:188,4
DA:189,4
DA:190,4
DA:191,2
DA:192,2
DA:193,1
DA:195,1
DA:203,5
DA:204,9
DA:205,11
DA:206,2
DA:207,1
DA:209,1
DA:212,9
DA:213,9
DA:214,9
DA:215,9
DA:216,9
DA:217,9
DA:221,5
DA:225,6
DA:226,7
DA:227,7
DA:228,4
DA:229,3
DA:230,1
DA:231,2
DA:232,1
DA:234,1
DA:242,5
DA:243,7
DA:244,4
DA:245,2
DA:246,1
DA:248,1
DA:254,2
DA:255,2
DA:256,1
DA:258,1
LF:83
LH:83
BRDA:93,0,0,0
BRDA:93,0,1,89
BRDA:100,1,0,7
BRDA:104,2,0,9
BRDA:104,2,1,2
BRDA:104,3,0,11
BRDA:104,3,1,10
BRDA:106,4,0,1
BRDA:106,4,1,1
BRDA:106,5,0,2
BRDA:106,5,1,1
BRDA:119,6,0,8
BRDA:123,7,0,1
BRDA:123,7,1,2
BRDA:125,8,0,1
BRDA:125,8,1,1
BRDA:125,9,0,2
BRDA:125,9,1,1
BRDA:144,10,0,15
BRDA:144,11,0,17
BRDA:144,12,0,36
BRDA:144,13,0,37
BRDA:144,14,0,36
BRDA:148,15,0,33
BRDA:148,15,1,36
BRDA:149,16,0,1
BRDA:149,17,0,33
BRDA:149,17,1,1
BRDA:152,18,0,2
BRDA:152,19,0,32
BRDA:152,19,1,32
BRDA:153,20,0,1
BRDA:163,21,0,35
BRDA:163,21,1,1
BRDA:163,22,0,36
BRDA:163,22,1,35
BRDA:174,23,0,22
BRDA:176,24,0,82
BRDA:176,24,1,156
BRDA:176,25,0,238
BRDA:176,25,1,209
BRDA:186,26,0,3
BRDA:186,27,0,3
BRDA:190,28,0,2
BRDA:190,28,1,2
BRDA:190,29,0,4
BRDA:190,29,1,2
BRDA:192,30,0,1
BRDA:192,30,1,1
BRDA:192,31,0,2
BRDA:192,31,1,1
BRDA:203,32,0,5
BRDA:205,33,0,2
BRDA:206,34,0,1
BRDA:206,34,1,1
BRDA:206,35,0,2
BRDA:206,35,1,1
BRDA:223,36,0,4
BRDA:223,37,0,5
BRDA:223,38,0,5
BRDA:227,39,0,4
BRDA:227,39,1,3
BRDA:229,40,0,1
BRDA:229,40,1,2
BRDA:231,41,0,1
BRDA:231,41,1,1
BRDA:231,42,0,2
BRDA:231,42,1,1
BRDA:242,43,0,6
BRDA:244,44,0,2
BRDA:245,45,0,1
BRDA:245,45,1,1
BRDA:255,46,0,1
BRDA:255,46,1,1
BRF:74
BRH:73
end_of_record
TN:
SF:src/external/sftp/replica/s3.ts
FN:8,(anonymous_0)
FN:13,(anonymous_1)
FN:17,(anonymous_2)
FN:19,(anonymous_3)
FN:22,(anonymous_4)
FN:27,(anonymous_5)
FN:30,(anonymous_6)
FN:34,(anonymous_7)
FN:38,(anonymous_8)
FNF:9
FNH:6
FNDA:1,(anonymous_0)
FNDA:1,(anonymous_1)
FNDA:1,(anonymous_2)
FNDA:3,(anonymous_3)
FNDA:0,(anonymous_4)
FNDA:0,(anonymous_5)
FNDA:3,(anonymous_6)
FNDA:1,(anonymous_7)
FNDA:0,(anonymous_8)
DA:1,1
DA:4,1
DA:9,1
DA:10,1
DA:14,1
DA:18,1
DA:19,3
DA:23,0
DA:27,0
DA:31,3
DA:35,1
DA:39,0
LF:12
LH:9
BRF:0
BRH:0
end_of_record
TN:
SF:src/external/slack/index.ts
FN:14,(anonymous_1)
FN:44,(anonymous_2)
FN:47,(anonymous_3)
FNF:3
FNH:0
FNDA:0,(anonymous_1)
FNDA:0,(anonymous_2)
FNDA:0,(anonymous_3)
DA:1,2
DA:2,2
DA:3,2
DA:5,2
DA:6,2
DA:14,2
DA:19,0
DA:20,0
DA:21,0
DA:22,0
DA:24,0
DA:25,0
DA:26,0
DA:27,0
DA:29,0
DA:30,0
DA:31,0
DA:34,0
DA:39,0
DA:44,2
DA:45,0
DA:47,2
DA:48,0
LF:23
LH:8
BRDA:21,0,0,0
BRDA:21,0,1,0
BRDA:27,1,0,0
BRDA:27,1,1,0
BRDA:29,2,0,0
BRDA:30,3,0,0
BRDA:30,3,1,0
BRDA:35,4,0,0
BRDA:35,4,1,0
BRDA:36,5,0,0
BRDA:36,5,1,0
BRF:11
BRH:0
end_of_record
TN:
SF:src/util/concurrency.ts
FN:83,executeAsynchronously
FN:109,(anonymous_1)
FN:129,(anonymous_2)
FN:135,executeSynchronously
FNF:4
FNH:3
FNDA:1,executeAsynchronously
FNDA:1,(anonymous_1)
FNDA:0,(anonymous_2)
FNDA:1,executeSynchronously
DA:1,2
DA:2,2
DA:53,2
DA:83,2
DA:95,1
DA:96,1
DA:97,1
DA:98,1
DA:99,0
DA:103,1
DA:105,1
DA:107,1
DA:109,1
DA:111,1
DA:112,1
DA:113,1
DA:115,1
DA:126,1
DA:127,1
DA:129,0
DA:144,1
DA:146,1
DA:147,1
DA:151,1
DA:152,1
DA:153,1
DA:155,0
DA:156,0
DA:163,0
LF:29
LH:24
BRDA:86,0,0,0
BRDA:87,1,0,0
BRDA:88,2,0,1
BRDA:89,3,0,1
BRDA:90,4,0,1
BRDA:91,5,0,0
BRDA:95,6,0,0
BRDA:96,7,0,0
BRDA:97,8,0,0
BRDA:98,9,0,0
BRDA:113,10,0,0
BRDA:126,11,0,1
BRDA:144,12,0,0
BRDA:144,12,1,1
BRDA:147,13,0,1
BRDA:147,13,1,0
BRDA:155,14,0,0
BRDA:155,14,1,0
BRDA:156,15,0,0
BRDA:156,15,1,0
BRF:20
BRH:6
end_of_record
TN:
SF:src/util/config.ts
FN:16,(anonymous_0)
FN:20,(anonymous_1)
FN:24,(anonymous_2)
FN:28,(anonymous_3)
FN:32,(anonymous_4)
FN:36,(anonymous_5)
FN:40,(anonymous_6)
FN:43,(anonymous_7)
FN:46,(anonymous_8)
FN:50,(anonymous_9)
FN:54,(anonymous_10)
FN:57,(anonymous_11)
FN:60,(anonymous_12)
FN:63,(anonymous_13)
FN:66,(anonymous_14)
FN:70,(anonymous_15)
FN:73,(anonymous_16)
FN:76,(anonymous_17)
FN:79,(anonymous_18)
FN:83,(anonymous_19)
FN:86,(anonymous_20)
FN:90,(anonymous_21)
FN:94,(anonymous_22)
FN:97,(anonymous_23)
FN:100,(anonymous_24)
FN:103,(anonymous_25)
FN:106,(anonymous_26)
FN:109,(anonymous_27)
FN:113,(anonymous_28)
FN:117,(anonymous_29)
FN:120,(anonymous_30)
FN:123,(anonymous_31)
FN:126,(anonymous_32)
FN:130,(anonymous_33)
FN:133,(anonymous_34)
FN:136,(anonymous_35)
FN:140,(anonymous_36)
FN:144,(anonymous_37)
FN:148,(anonymous_38)
FN:152,(anonymous_39)
FN:156,(anonymous_40)
FN:159,(anonymous_41)
FN:163,(anonymous_42)
FN:167,(anonymous_43)
FN:171,(anonymous_44)
FN:175,(anonymous_45)
FN:179,(anonymous_46)
FN:183,(anonymous_47)
FN:186,(anonymous_48)
FN:189,(anonymous_49)
FN:192,(anonymous_50)
FN:195,(anonymous_51)
FN:199,(anonymous_52)
FN:203,(anonymous_53)
FN:206,(anonymous_54)
FN:209,(anonymous_55)
FN:212,(anonymous_56)
FN:215,(anonymous_57)
FN:218,(anonymous_58)
FN:221,(anonymous_59)
FN:224,(anonymous_60)
FN:227,(anonymous_61)
FN:230,(anonymous_62)
FN:234,(anonymous_63)
FN:237,(anonymous_64)
FN:241,(anonymous_65)
FN:245,(anonymous_66)
FN:248,(anonymous_67)
FN:251,(anonymous_68)
FN:254,(anonymous_69)
FN:257,(anonymous_70)
FN:260,(anonymous_71)
FN:263,(anonymous_72)
FN:266,(anonymous_73)
FN:269,(anonymous_74)
FN:272,(anonymous_75)
FN:275,(anonymous_76)
FN:278,(anonymous_77)
FN:281,(anonymous_78)
FN:284,(anonymous_79)
FN:287,(anonymous_80)
FN:290,(anonymous_81)
FN:294,(anonymous_82)
FN:297,(anonymous_83)
FN:304,(anonymous_84)
FN:307,(anonymous_85)
FN:310,(anonymous_86)
FN:313,(anonymous_87)
FN:316,(anonymous_88)
FN:319,(anonymous_89)
FN:322,(anonymous_90)
FN:325,(anonymous_91)
FN:328,(anonymous_92)
FN:331,(anonymous_93)
FN:334,(anonymous_94)
FN:338,(anonymous_95)
FN:341,(anonymous_96)
FN:344,(anonymous_97)
FN:348,(anonymous_98)
FN:351,(anonymous_99)
FN:355,(anonymous_100)
FN:359,(anonymous_101)
FN:362,(anonymous_102)
FN:366,(anonymous_103)
FN:370,(anonymous_104)
FN:374,(anonymous_105)
FN:377,(anonymous_106)
FN:380,(anonymous_107)
FN:385,(anonymous_108)
FN:389,(anonymous_109)
FN:392,(anonymous_110)
FN:396,(anonymous_111)
FN:399,(anonymous_112)
FNF:113
FNH:3
FNDA:6,(anonymous_0)
FNDA:0,(anonymous_1)
FNDA:0,(anonymous_2)
FNDA:0,(anonymous_3)
FNDA:0,(anonymous_4)
FNDA:0,(anonymous_5)
FNDA:2,(anonymous_6)
FNDA:2,(anonymous_7)
FNDA:0,(anonymous_8)
FNDA:0,(anonymous_9)
FNDA:0,(anonymous_10)
FNDA:0,(anonymous_11)
FNDA:0,(anonymous_12)
FNDA:0,(anonymous_13)
FNDA:0,(anonymous_14)
FNDA:0,(anonymous_15)
FNDA:0,(anonymous_16)
FNDA:0,(anonymous_17)
FNDA:0,(anonymous_18)
FNDA:0,(anonymous_19)
FNDA:0,(anonymous_20)
FNDA:0,(anonymous_21)
FNDA:0,(anonymous_22)
FNDA:0,(anonymous_23)
FNDA:0,(anonymous_24)
FNDA:0,(anonymous_25)
FNDA:0,(anonymous_26)
FNDA:0,(anonymous_27)
FNDA:0,(anonymous_28)
FNDA:0,(anonymous_29)
FNDA:0,(anonymous_30)
FNDA:0,(anonymous_31)
FNDA:0,(anonymous_32)
FNDA:0,(anonymous_33)
FNDA:0,(anonymous_34)
FNDA:0,(anonymous_35)
FNDA:0,(anonymous_36)
FNDA:0,(anonymous_37)
FNDA:0,(anonymous_38)
FNDA:0,(anonymous_39)
FNDA:0,(anonymous_40)
FNDA:0,(anonymous_41)
FNDA:0,(anonymous_42)
FNDA:0,(anonymous_43)
FNDA:0,(anonymous_44)
FNDA:0,(anonymous_45)
FNDA:0,(anonymous_46)
FNDA:0,(anonymous_47)
FNDA:0,(anonymous_48)
FNDA:0,(anonymous_49)
FNDA:0,(anonymous_50)
FNDA:0,(anonymous_51)
FNDA:0,(anonymous_52)
FNDA:0,(anonymous_53)
FNDA:0,(anonymous_54)
FNDA:0,(anonymous_55)
FNDA:0,(anonymous_56)
FNDA:0,(anonymous_57)
FNDA:0,(anonymous_58)
FNDA:0,(anonymous_59)
FNDA:0,(anonymous_60)
FNDA:0,(anonymous_61)
FNDA:0,(anonymous_62)
FNDA:0,(anonymous_63)
FNDA:0,(anonymous_64)
FNDA:0,(anonymous_65)
FNDA:0,(anonymous_66)
FNDA:0,(anonymous_67)
FNDA:0,(anonymous_68)
FNDA:0,(anonymous_69)
FNDA:0,(anonymous_70)
FNDA:0,(anonymous_71)
FNDA:0,(anonymous_72)
FNDA:0,(anonymous_73)
FNDA:0,(anonymous_74)
FNDA:0,(anonymous_75)
FNDA:0,(anonymous_76)
FNDA:0,(anonymous_77)
FNDA:0,(anonymous_78)
FNDA:0,(anonymous_79)
FNDA:0,(anonymous_80)
FNDA:0,(anonymous_81)
FNDA:0,(anonymous_82)
FNDA:0,(anonymous_83)
FNDA:0,(anonymous_84)
FNDA:0,(anonymous_85)
FNDA:0,(anonymous_86)
FNDA:0,(anonymous_87)
FNDA:0,(anonymous_88)
FNDA:0,(anonymous_89)
FNDA:0,(anonymous_90)
FNDA:0,(anonymous_91)
FNDA:0,(anonymous_92)
FNDA:0,(anonymous_93)
FNDA:0,(anonymous_94)
FNDA:0,(anonymous_95)
FNDA:0,(anonymous_96)
FNDA:0,(anonymous_97)
FNDA:0,(anonymous_98)
FNDA:0,(anonymous_99)
FNDA:0,(anonymous_100)
FNDA:0,(anonymous_101)
FNDA:0,(anonymous_102)
FNDA:0,(anonymous_103)
FNDA:0,(anonymous_104)
FNDA:0,(anonymous_105)
FNDA:0,(anonymous_106)
FNDA:0,(anonymous_107)
FNDA:0,(anonymous_108)
FNDA:0,(anonymous_109)
FNDA:0,(anonymous_110)
FNDA:0,(anonymous_111)
FNDA:0,(anonymous_112)
DA:1,2
DA:2,2
DA:10,2
DA:11,2
DA:12,2
DA:13,2
DA:14,2
DA:17,6
DA:21,0
DA:25,0
DA:29,0
DA:33,0
DA:37,0
DA:41,2
DA:44,2
DA:47,0
DA:51,0
DA:55,0
DA:58,0
DA:61,0
DA:64,0
DA:67,0
DA:71,0
DA:74,0
DA:77,0
DA:80,0
DA:84,0
DA:87,0
DA:91,0
DA:95,0
DA:98,0
DA:101,0
DA:104,0
DA:107,0
DA:110,0
DA:114,0
DA:118,0
DA:121,0
DA:124,0
DA:127,0
DA:131,0
DA:134,0
DA:137,0
DA:141,0
DA:145,0
DA:149,0
DA:153,0
DA:157,0
DA:160,0
DA:164,0
DA:168,0
DA:172,0
DA:176,0
DA:180,0
DA:184,0
DA:187,0
DA:190,0
DA:193,0
DA:196,0
DA:200,0
DA:204,0
DA:207,0
DA:210,0
DA:213,0
DA:216,0
DA:219,0
DA:222,0
DA:225,0
DA:228,0
DA:231,0
DA:235,0
DA:238,0
DA:242,0
DA:246,0
DA:249,0
DA:252,0
DA:255,0
DA:258,0
DA:261,0
DA:264,0
DA:267,0
DA:270,0
DA:273,0
DA:276,0
DA:279,0
DA:282,0
DA:285,0
DA:288,0
DA:291,0
DA:295,0
DA:298,0
DA:299,0
DA:300,0
DA:302,0
DA:305,0
DA:308,0
DA:311,0
DA:314,0
DA:317,0
DA:320,0
DA:323,0
DA:326,0
DA:329,0
DA:332,0
DA:335,0
DA:339,0
DA:342,0
DA:345,0
DA:349,0
DA:352,0
DA:356,0
DA:360,0
DA:363,0
DA:367,0
DA:371,0
DA:375,0
DA:378,0
DA:381,0
DA:386,0
DA:390,0
DA:393,0
DA:397,0
DA:400,0
LF:123
LH:10
BRDA:299,0,0,0
BRF:1
BRH:0
end_of_record
TN:
SF:src/util/env-var.ts
FN:6,(anonymous_0)
FN:16,(anonymous_1)
FN:21,(anonymous_2)
FN:32,getEnvType
FN:34,(anonymous_4)
FNF:5
FNH:2
FNDA:2,(anonymous_0)
FNDA:4,(anonymous_1)
FNDA:0,(anonymous_2)
FNDA:0,getEnvType
FNDA:0,(anonymous_4)
DA:1,2
DA:6,2
DA:7,2
DA:8,2
DA:9,2
DA:10,2
DA:16,4
DA:21,2
DA:22,0
DA:23,0
DA:24,0
DA:26,0
DA:32,2
DA:33,0
DA:34,0
DA:35,0
DA:36,0
DA:38,0
LF:18
LH:9
BRDA:6,0,0,2
BRDA:6,0,1,2
BRDA:23,1,0,0
BRDA:23,2,0,0
BRDA:23,2,1,0
BRDA:35,3,0,0
BRF:6
BRH:2
end_of_record
TN:
SF:src/util/local-storage.ts
FN:15,getLocalStorage
FNF:1
FNH:1
FNDA:2,getLocalStorage
DA:1,2
DA:5,2
DA:15,2
DA:16,2
LF:4
LH:4
BRF:0
BRH:0
end_of_record
TN:
SF:src/util/log.ts
FN:10,log
FN:11,(anonymous_1)
FN:17,(anonymous_2)
FN:25,debug
FN:30,out
FNF:5
FNH:4
FNDA:12,log
FNDA:2,(anonymous_1)
FNDA:0,(anonymous_2)
FNDA:6,debug
FNDA:6,out
DA:1,2
DA:2,2
DA:3,2
DA:10,2
DA:11,12
DA:12,2
DA:14,2
DA:15,2
DA:17,2
DA:18,2
DA:25,2
DA:26,6
DA:27,6
DA:30,2
DA:31,6
LF:15
LH:15
BRDA:12,0,0,2
BRDA:12,0,1,0
BRDA:15,1,0,0
BRDA:15,1,1,2
BRDA:17,2,0,2
BRDA:17,2,1,0
BRDA:17,3,0,0
BRDA:17,3,1,0
BRDA:20,4,0,0
BRDA:20,4,1,2
BRDA:26,5,0,0
BRF:11
BRH:4
end_of_record
TN:
SF:src/util/notifications.ts
FN:14,sendNotification
FN:18,sendAlert
FN:30,(anonymous_9)
FN:34,(anonymous_10)
FN:35,(anonymous_11)
FN:50,(anonymous_12)
FN:75,(anonymous_13)
FN:84,stringifyExtra
FN:86,(anonymous_15)
FNF:9
FNH:0
FNDA:0,sendNotification
FNDA:0,sendAlert
FNDA:0,(anonymous_9)
FNDA:0,(anonymous_10)
FNDA:0,(anonymous_11)
FNDA:0,(anonymous_12)
FNDA:0,(anonymous_13)
FNDA:0,stringifyExtra
FNDA:0,(anonymous_15)
DA:1,2
DA:3,2
DA:4,2
DA:10,2
DA:14,2
DA:15,0
DA:18,2
DA:19,0
DA:29,2
DA:31,0
DA:35,0
DA:36,0
DA:51,0
DA:52,0
DA:57,0
DA:58,0
DA:76,0
DA:77,0
DA:84,2
DA:85,0
DA:86,0
LF:21
LH:8
BRDA:51,0,0,0
BRDA:54,1,0,0
BRDA:54,1,1,0
BRDA:57,2,0,0
BRDA:57,2,1,0
BRDA:61,3,0,0
BRDA:61,3,1,0
BRDA:76,4,0,0
BRDA:76,4,1,0
BRDA:85,5,0,0
BRDA:85,5,1,0
BRDA:88,6,0,0
BRDA:88,6,1,0
BRF:13
BRH:0
end_of_record
TN:
SF:src/util/request.ts
FN:3,getRequestIdSafe
FN:9,getRequestId
FNF:2
FNH:1
FNDA:2,getRequestIdSafe
FNDA:0,getRequestId
DA:1,2
DA:3,2
DA:4,2
DA:5,2
DA:6,2
DA:9,2
DA:10,0
DA:11,0
DA:12,0
LF:9
LH:6
BRDA:6,0,0,2
BRDA:6,0,1,2
BRDA:11,1,0,0
BRF:3
BRH:2
end_of_record
TN:
SF:src/util/sleep.ts
FN:4,sleep
FN:5,(anonymous_1)
FNF:2
FNH:2
FNDA:1,sleep
FNDA:1,(anonymous_1)
DA:4,2
DA:5,1
LF:2
LH:2
BRF:0
BRH:0
end_of_record
TN:
SF:src/util/error/metriport-error.ts
FN:13,(anonymous_1)
FNF:1
FNH:0
FNDA:0,(anonymous_1)
DA:1,2
DA:11,2
DA:12,0
DA:13,0
DA:14,0
DA:15,0
LF:6
LH:2
BRF:0
BRH:0
end_of_record
TN:
SF:src/util/error/shared.ts
FN:14,errorToString
FN:27,genericErrorToString
FN:35,detailedErrorToString
FN:52,getErrorMessage
FN:56,processAsyncError
FN:62,(anonymous_5)
FNF:6
FNH:0
FNDA:0,errorToString
FNDA:0,genericErrorToString
FNDA:0,detailedErrorToString
FNDA:0,getErrorMessage
FNDA:0,processAsyncError
FNDA:0,(anonymous_5)
DA:1,2
DA:2,2
DA:3,2
DA:4,2
DA:14,2
DA:18,0
DA:19,0
DA:21,0
DA:27,2
DA:28,0
DA:35,2
DA:36,0
DA:38,0
DA:41,0
DA:42,0
DA:52,2
DA:53,0
DA:56,2
DA:61,0
DA:62,0
DA:64,0
DA:65,0
DA:66,0
LF:23
LH:9
BRDA:16,0,0,0
BRDA:18,1,0,0
BRDA:28,2,0,0
BRDA:28,2,1,0
BRDA:38,3,0,0
BRDA:38,3,1,0
BRDA:41,4,0,0
BRDA:41,4,1,0
BRDA:44,5,0,0
BRDA:44,5,1,0
BRDA:45,6,0,0
BRDA:45,6,1,0
BRDA:59,7,0,0
BRDA:61,8,0,0
BRDA:65,9,0,0
BRDA:65,10,0,0
BRDA:65,10,1,0
BRDA:66,11,0,0
BRDA:66,11,1,0
BRF:19
BRH:0
end_of_record
